ARM GAS  /tmp/ccMVC7I8.s 			page 1


 GNU assembler version 2.41.0 (arm-none-eabi)
	 using BFD version (Arm GNU Toolchain 13.2.rel1 (Build arm-13.7)) 2.41.0.20231009.
 options passed	: -I -I -I -I -I -I -I -EL -march=armv7e-m+fp.dp -mfloat-abi=hard -mfpu=fpv5-d16 -meabi=5 -aghlms=src/english2phoneme/spellwor.lst 
 input file    	: /tmp/ccMVC7I8.s
 output file   	: src/english2phoneme/spellwor.o
 target        	: arm-none-eabi
 time stamp    	: 2025-03-08T13:36:00.000+0100

ARM GAS  /tmp/ccMVC7I8.s 			page 2


   1              		.cpu cortex-m7
   2              		.arch armv7e-m
   3              		.fpu fpv5-d16
   4              		.eabi_attribute 28, 1
   5              		.eabi_attribute 20, 1
   6              		.eabi_attribute 21, 1
   7              		.eabi_attribute 23, 3
   8              		.eabi_attribute 24, 1
   9              		.eabi_attribute 25, 1
  10              		.eabi_attribute 26, 1
  11              		.eabi_attribute 30, 2
  12              		.eabi_attribute 34, 1
  13              		.eabi_attribute 18, 4
  14              		.file	"spellwor.c"
  15              		.text
  16              		.section	.text.say_ascii,"ax",%progbits
  17              		.align	1
  18              		.p2align 2,,3
  19              		.global	say_ascii
  20              		.syntax unified
  21              		.thumb
  22              		.thumb_func
  23              		.type	say_ascii, %function
  24              	say_ascii:
  25              		@ args = 0, pretend = 0, frame = 0
  26              		@ frame_needed = 0, uses_anonymous_args = 0
  27              		@ link register save eliminated.
  28 0000 00F07F00 		and	r0, r0, #127
  29 0004 034B     		ldr	r3, .L3
  30 0006 00EB4000 		add	r0, r0, r0, lsl #1
  31 000a 03EBC000 		add	r0, r3, r0, lsl #3
  32 000e FFF7FEBF 		b	outnum
  33              	.L4:
  34 0012 00BF     		.align	2
  35              	.L3:
  36 0014 00000000 		.word	AScii
  37              		.size	say_ascii, .-say_ascii
  38              		.section	.text.spell_word,"ax",%progbits
  39              		.align	1
  40              		.p2align 2,,3
  41              		.global	spell_word
  42              		.syntax unified
  43              		.thumb
  44              		.thumb_func
  45              		.type	spell_word, %function
  46              	spell_word:
  47              		@ args = 0, pretend = 0, frame = 0
  48              		@ frame_needed = 0, uses_anonymous_args = 0
  49 0000 38B5     		push	{r3, r4, r5, lr}
  50 0002 8378     		ldrb	r3, [r0, #2]	@ zero_extendqisi2
  51 0004 73B1     		cbz	r3, .L5
  52 0006 441C     		adds	r4, r0, #1
  53 0008 074D     		ldr	r5, .L13
  54              	.L7:
  55 000a 14F8010B 		ldrb	r0, [r4], #1	@ zero_extendqisi2
  56 000e 00F07F00 		and	r0, r0, #127
  57 0012 00EB4000 		add	r0, r0, r0, lsl #1
ARM GAS  /tmp/ccMVC7I8.s 			page 3


  58 0016 05EBC000 		add	r0, r5, r0, lsl #3
  59 001a FFF7FEFF 		bl	outnum
  60 001e 6378     		ldrb	r3, [r4, #1]	@ zero_extendqisi2
  61 0020 002B     		cmp	r3, #0
  62 0022 F2D1     		bne	.L7
  63              	.L5:
  64 0024 38BD     		pop	{r3, r4, r5, pc}
  65              	.L14:
  66 0026 00BF     		.align	2
  67              	.L13:
  68 0028 00000000 		.word	AScii
  69              		.size	spell_word, .-spell_word
  70              		.section	.flash,"a"
  71              		.align	2
  72              		.type	AScii, %object
  73              		.size	AScii, 3072
  74              	AScii:
  75 0000 20092229 		.ascii	" \011\")\377\000"
  75      FF00
  76 0006 00000000 		.space	18
  76      00000000 
  76      00000000 
  76      00000000 
  76      0000
  77 0018 1A120525 		.ascii	"\032\022\005%\022)\377\013\027)\377\036\003\023\012"
  77      1229FF0B 
  77      1729FF1E 
  77      03130A
  78 0027 29FF00   		.ascii	")\377\000"
  79 002a 00000000 		.space	6
  79      0000
  80 0030 1A120525 		.ascii	"\032\022\005%\022)\377\013\027)\377\022\003\024\032"
  80      1229FF0B 
  80      1729FF12 
  80      03141A
  81 003f 1229FF00 		.ascii	"\022)\377\000"
  82 0043 00000000 		.space	5
  82      00
  83 0048 03201329 		.ascii	"\003 \023)\377\013\027)\377\022\003\024\032\022)\377"
  83      FF0B1729 
  83      FF120314 
  83      1A1229FF 
  84 0058 00       		.ascii	"\000"
  85 0059 00000000 		.space	7
  85      000000
  86 0060 03201329 		.ascii	"\003 \023)\377\013\027)\377\022%\004 \032\037\001\034"
  86      FF0B1729 
  86      FF122504 
  86      201A1F01 
  86      1C
  87 0071 0B2000   		.ascii	"\013 \000"
  88 0074 00000000 		.space	4
  89 0078 03201423 		.ascii	"\003 \024#\015%)\377\000"
  89      0D2529FF 
  89      00
  90 0081 00000000 		.space	15
  90      00000000 
ARM GAS  /tmp/ccMVC7I8.s 			page 4


  90      00000000 
  90      000000
  91 0090 041429FF 		.ascii	"\004\024)\377\000"
  91      00
  92 0095 00000000 		.space	19
  92      00000000 
  92      00000000 
  92      00000000 
  92      000000
  93 00a8 11032229 		.ascii	"\021\003\")\377\000"
  93      FF00
  94 00ae 00000000 		.space	18
  94      00000000 
  94      00000000 
  94      00000000 
  94      0000
  95 00c0 1104141A 		.ascii	"\021\004\024\032\020\002\032)\377\000"
  95      10021A29 
  95      FF00
  96 00ca 00000000 		.space	14
  96      00000000 
  96      00000000 
  96      0000
  97 00d8 12041129 		.ascii	"\022\004\021)\377\000"
  97      FF00
  98 00de 00000000 		.space	18
  98      00000000 
  98      00000000 
  98      00000000 
  98      0000
  99 00f0 22012000 		.ascii	"\"\001 \000\026\000\023)\377\000"
  99      16001329 
  99      FF00
 100 00fa 00000000 		.space	14
 100      00000000 
 100      00000000 
 100      0000
 101 0108 170A1201 		.ascii	"\027\012\022\001\024\013\")\377\022\004\021)\377\000"
 101      140B2229 
 101      FF120411 
 101      29FF00
 102 0117 00000000 		.space	9
 102      00000000 
 102      00
 103 0120 1606251F 		.ascii	"\026\006%\037\026\000\023)\377\000"
 103      16001329 
 103      FF00
 104 012a 00000000 		.space	14
 104      00000000 
 104      00000000 
 104      0000
 105 0138 1404250D 		.ascii	"\024\004%\015')\377%\000\022\012 )\377\000"
 105      2729FF25 
 105      00120A20 
 105      29FF00
 106 0147 00000000 		.space	9
 106      00000000 
ARM GAS  /tmp/ccMVC7I8.s 			page 5


 106      00
 107 0150 1C011612 		.ascii	"\034\001\026\022)\377\016\022)\377\000"
 107      29FF0E12 
 107      29FF00
 108 015b 00000000 		.space	13
 108      00000000 
 108      00000000 
 108      00
 109 0168 1C011612 		.ascii	"\034\001\026\022)\377\001 )\377\000"
 109      29FF0120 
 109      29FF00
 110 0173 00000000 		.space	13
 110      00000000 
 110      00000000 
 110      00
 111 0180 13012200 		.ascii	"\023\001\"\000\022)\377\000"
 111      1229FF00 
 112 0188 00000000 		.space	16
 112      00000000 
 112      00000000 
 112      00000000 
 113 0198 13011701 		.ascii	"\023\001\027\001\032)\377\024\005 \022%\005\")\377#"
 113      1A29FF14 
 113      05201225 
 113      052229FF 
 113      23
 114 01a9 0C2029FF 		.ascii	"\014 )\377\000"
 114      00
 115 01ae 0000     		.space	2
 116 01b0 13011701 		.ascii	"\023\001\027\001\032)\377\024\005 \022%\005\")\377\022"
 116      1A29FF14 
 116      05201225 
 116      052229FF 
 116      12
 117 01c1 0929FF00 		.ascii	"\011)\377\000"
 118 01c5 000000   		.space	3
 119 01c8 13011701 		.ascii	"\023\001\027\001\032)\377\024\005 \022%\005\")\377\030"
 119      1A29FF14 
 119      05201225 
 119      052229FF 
 119      18
 120 01d9 250029FF 		.ascii	"%\000)\377\000"
 120      00
 121 01de 0000     		.space	2
 122 01e0 13011701 		.ascii	"\023\001\027\001\032)\377\024\005 \022%\005\")\377\026"
 122      1A29FF14 
 122      05201225 
 122      052229FF 
 122      16
 123 01f1 072529FF 		.ascii	"\007%)\377\000"
 123      00
 124 01f6 0000     		.space	2
 125 01f8 20041429 		.ascii	" \004\024)\377\000"
 125      FF00
 126 01fe 00000000 		.space	18
 126      00000000 
 126      00000000 
ARM GAS  /tmp/ccMVC7I8.s 			page 6


 126      00000000 
 126      0000
 127 0210 1A012014 		.ascii	"\032\001 \024)\377\000"
 127      29FF00
 128 0217 00000000 		.space	17
 128      00000000 
 128      00000000 
 128      00000000 
 128      00
 129 0228 03201329 		.ascii	"\003 \023)\377\022\003\024\032\022)\377\021\"\005\024"
 129      FF120314 
 129      1A1229FF 
 129      11220514 
 130 0238 29FF00   		.ascii	")\377\000"
 131 023b 00000000 		.space	5
 131      00
 132 0240 1404201A 		.ascii	"\024\004 \032\003\")\377\000"
 132      032229FF 
 132      00
 133 0249 00000000 		.space	15
 133      00000000 
 133      00000000 
 133      000000
 134 0258 03201329 		.ascii	"\003 \023)\377\013\027)\377\037\003\032\001')\377\000"
 134      FF0B1729 
 134      FF1F031A 
 134      012729FF 
 134      00
 135 0269 00000000 		.space	7
 135      000000
 136 0270 1A09111A 		.ascii	"\032\011\021\032\022\001\022\011\022)\377\000"
 136      12011209 
 136      1229FF00 
 137 027c 00000000 		.space	12
 137      00000000 
 137      00000000 
 138 0288 031A1402 		.ascii	"\003\032\024\002\020)\377\000"
 138      1029FF00 
 139 0290 00000000 		.space	16
 139      00000000 
 139      00000000 
 139      00000000 
 140 02a0 160D0322 		.ascii	"\026\015\003\"\023)\377\032\000\020\012\004\022\012"
 140      1329FF1A 
 140      00100A04 
 140      120A
 141 02ae 29FF00   		.ascii	")\377\000"
 142 02b1 00000000 		.space	7
 142      000000
 143 02b8 15250910 		.ascii	"\025%\011\020)\377\032\000\020\012\004\022\012)\377"
 143      29FF1A00 
 143      100A0412 
 143      0A29FF
 144 02c7 00       		.ascii	"\000"
 145 02c8 00000000 		.space	8
 145      00000000 
 146 02d0 25001406 		.ascii	"%\000\024\006%\023)\377\032\000\020\012\004\022\012"
ARM GAS  /tmp/ccMVC7I8.s 			page 7


 146      251329FF 
 146      1A00100A 
 146      04120A
 147 02df 29FF00   		.ascii	")\377\000"
 148 02e2 00000000 		.space	6
 148      0000
 149 02e8 24092001 		.ascii	"$\011 \001\022)\377\032\000\020\012\004\022\012)\377"
 149      1229FF1A 
 149      00100A04 
 149      120A29FF 
 150 02f8 00       		.ascii	"\000"
 151 02f9 00000000 		.space	7
 151      000000
 152 0300 1A10021A 		.ascii	"\032\020\002\032)\377\000"
 152      29FF00
 153 0307 00000000 		.space	17
 153      00000000 
 153      00000000 
 153      00000000 
 153      00
 154 0318 03141A14 		.ascii	"\003\024\032\024\"\004\037\002\034\013 )\377\037\005"
 154      22041F02 
 154      1C0B2029 
 154      FF1F05
 155 0327 251429FF 		.ascii	"%\024)\377\000"
 155      00
 156 032c 00000000 		.space	4
 157 0330 130C1122 		.ascii	"\023\014\021\")\377\024#\007\022)\377\000"
 157      29FF1423 
 157      071229FF 
 157      00
 158 033d 00000000 		.space	11
 158      00000000 
 158      000000
 159 0348 20091F11 		.ascii	" \011\037\021\012)\377\032\015 )\377\000"
 159      0A29FF1A 
 159      0D2029FF 
 159      00
 160 0355 00000000 		.space	11
 160      00000000 
 160      000000
 161 0360 1305220A 		.ascii	"\023\005\"\012)\377\032\015 )\377\000"
 161      29FF1A0D 
 161      2029FF00 
 162 036c 00000000 		.space	12
 162      00000000 
 162      00000000 
 163 0378 100A1A03 		.ascii	"\020\012\032\003 \022)\377\000"
 163      201229FF 
 163      00
 164 0381 00000000 		.space	15
 164      00000000 
 164      00000000 
 164      000000
 165 0390 041F100A 		.ascii	"\004\037\020\012\032\004 \023)\377\000"
 165      1A042013 
 165      29FF00
ARM GAS  /tmp/ccMVC7I8.s 			page 8


 166 039b 00000000 		.space	13
 166      00000000 
 166      00000000 
 166      00
 167 03a8 14230712 		.ascii	"\024#\007\022)\377\000"
 167      29FF00
 168 03af 00000000 		.space	17
 168      00000000 
 168      00000000 
 168      00000000 
 168      00
 169 03c0 07100320 		.ascii	"\007\020\003 )\377\020\003%\003 )\377\000"
 169      29FF1003 
 169      25032029 
 169      FF00
 170 03ce 00000000 		.space	10
 170      00000000 
 170      0000
 171 03d8 1422071B 		.ascii	"\024\"\007\033)\377\020\003%\003 )\377\000"
 171      29FF1003 
 171      25032029 
 171      FF00
 172 03e6 00000000 		.space	10
 172      00000000 
 172      0000
 173 03f0 041A1203 		.ascii	"\004\032\022\003%\001\032\024)\377\000"
 173      25011A14 
 173      29FF00
 174 03fb 00000000 		.space	13
 174      00000000 
 174      00000000 
 174      00
 175 0408 10220C1A 		.ascii	"\020\"\014\032)\377\000"
 175      29FF00
 176 040f 00000000 		.space	17
 176      00000000 
 176      00000000 
 176      00000000 
 176      00
 177 0420 14051F1F 		.ascii	"\024\005\037\037\013)\377\000"
 177      0B29FF00 
 178 0428 00000000 		.space	16
 178      00000000 
 178      00000000 
 178      00000000 
 179 0438 1F01200C 		.ascii	"\037\001 \014\032)\377\000"
 179      1A29FF00 
 180 0440 00000000 		.space	16
 180      00000000 
 180      00000000 
 180      00000000 
 181 0450 10002500 		.ascii	"\020\000%\000\005\023)\377\000"
 181      051329FF 
 181      00
 182 0459 00000000 		.space	15
 182      00000000 
 182      00000000 
ARM GAS  /tmp/ccMVC7I8.s 			page 9


 182      000000
 183 0468 1A22041C 		.ascii	"\032\"\004\034)\377\000"
 183      29FF00
 184 046f 00000000 		.space	17
 184      00000000 
 184      00000000 
 184      00000000 
 184      00
 185 0480 1B012507 		.ascii	"\033\001%\007)\377\000"
 185      29FF00
 186 0487 00000000 		.space	17
 186      00000000 
 186      00000000 
 186      00000000 
 186      00
 187 0498 230C2029 		.ascii	"#\014 )\377\000"
 187      FF00
 188 049e 00000000 		.space	18
 188      00000000 
 188      00000000 
 188      00000000 
 188      0000
 189 04b0 120929FF 		.ascii	"\022\011)\377\000"
 189      00
 190 04b5 00000000 		.space	19
 190      00000000 
 190      00000000 
 190      00000000 
 190      000000
 191 04c8 18250029 		.ascii	"\030%\000)\377\000"
 191      FF00
 192 04ce 00000000 		.space	18
 192      00000000 
 192      00000000 
 192      00000000 
 192      0000
 193 04e0 16072529 		.ascii	"\026\007%)\377\000"
 193      FF00
 194 04e6 00000000 		.space	18
 194      00000000 
 194      00000000 
 194      00000000 
 194      0000
 195 04f8 160D1729 		.ascii	"\026\015\027)\377\000"
 195      FF00
 196 04fe 00000000 		.space	18
 196      00000000 
 196      00000000 
 196      00000000 
 196      0000
 197 0510 1A01141A 		.ascii	"\032\001\024\032)\377\000"
 197      29FF00
 198 0517 00000000 		.space	17
 198      00000000 
 198      00000000 
 198      00000000 
 198      00
ARM GAS  /tmp/ccMVC7I8.s 			page 10


 199 0528 1A03170B 		.ascii	"\032\003\027\013 )\377\000"
 199      2029FF00 
 200 0530 00000000 		.space	16
 200      00000000 
 200      00000000 
 200      00000000 
 201 0540 021229FF 		.ascii	"\002\022)\377\000"
 201      00
 202 0545 00000000 		.space	19
 202      00000000 
 202      00000000 
 202      00000000 
 202      000000
 203 0558 200D2029 		.ascii	" \015 )\377\000"
 203      FF00
 204 055e 00000000 		.space	18
 204      00000000 
 204      00000000 
 204      00000000 
 204      0000
 205 0570 1405220B 		.ascii	"\024\005\"\013 )\377\000"
 205      2029FF00 
 206 0578 00000000 		.space	16
 206      00000000 
 206      00000000 
 206      00000000 
 207 0588 1A031F01 		.ascii	"\032\003\037\001\024\005\"\013 )\377\000"
 207      1405220B 
 207      2029FF00 
 208 0594 00000000 		.space	12
 208      00000000 
 208      00000000 
 209 05a0 22031A29 		.ascii	"\"\003\032)\377\031\004 )\377\000"
 209      FF190420 
 209      29FF00
 210 05ab 00000000 		.space	13
 210      00000000 
 210      00000000 
 210      00
 211 05b8 0314230B 		.ascii	"\003\024#\013\")\377\032\015 )\377\000"
 211      2229FF1A 
 211      0D2029FF 
 211      00
 212 05c5 00000000 		.space	11
 212      00000000 
 212      000000
 213 05d0 15250212 		.ascii	"\025%\002\022\012)\377\031\004 )\377\000"
 213      0A29FF19 
 213      042029FF 
 213      00
 214 05dd 00000000 		.space	11
 214      00000000 
 214      000000
 215 05e8 1423031A 		.ascii	"\024#\003\032&\013 )\377\037\005%\024)\377\000"
 215      260B2029 
 215      FF1F0525 
 215      1429FF00 
ARM GAS  /tmp/ccMVC7I8.s 			page 11


 216 05f8 00000000 		.space	8
 216      00000000 
 217 0600 041229FF 		.ascii	"\004\022)\377\032\015 )\377\000"
 217      1A0D2029 
 217      FF00
 218 060a 00000000 		.space	14
 218      00000000 
 218      00000000 
 218      0000
 219 0618 0229FF00 		.ascii	"\002)\377\000"
 220 061c 00000000 		.space	20
 220      00000000 
 220      00000000 
 220      00000000 
 220      00000000 
 221 0630 110029FF 		.ascii	"\021\000)\377\000"
 221      00
 222 0635 00000000 		.space	19
 222      00000000 
 222      00000000 
 222      00000000 
 222      000000
 223 0648 1A0029FF 		.ascii	"\032\000)\377\000"
 223      00
 224 064d 00000000 		.space	19
 224      00000000 
 224      00000000 
 224      00000000 
 224      000000
 225 0660 130029FF 		.ascii	"\023\000)\377\000"
 225      00
 226 0665 00000000 		.space	19
 226      00000000 
 226      00000000 
 226      00000000 
 226      000000
 227 0678 0029FF00 		.ascii	"\000)\377\000"
 228 067c 00000000 		.space	20
 228      00000000 
 228      00000000 
 228      00000000 
 228      00000000 
 229 0690 031629FF 		.ascii	"\003\026)\377\000"
 229      00
 230 0695 00000000 		.space	19
 230      00000000 
 230      00000000 
 230      00000000 
 230      000000
 231 06a8 270029FF 		.ascii	"'\000)\377)\377\000"
 231      29FF00
 232 06af 00000000 		.space	17
 232      00000000 
 232      00000000 
 232      00000000 
 232      00
 233 06c0 02122629 		.ascii	"\002\022&)\377\000"
ARM GAS  /tmp/ccMVC7I8.s 			page 12


 233      FF00
 234 06c6 00000000 		.space	18
 234      00000000 
 234      00000000 
 234      00000000 
 234      0000
 235 06d8 0D29FF00 		.ascii	"\015)\377\000"
 236 06dc 00000000 		.space	20
 236      00000000 
 236      00000000 
 236      00000000 
 236      00000000 
 237 06f0 270229FF 		.ascii	"'\002)\377\000"
 237      00
 238 06f5 00000000 		.space	19
 238      00000000 
 238      00000000 
 238      00000000 
 238      000000
 239 0708 140229FF 		.ascii	"\024\002)\377\000"
 239      00
 240 070d 00000000 		.space	19
 240      00000000 
 240      00000000 
 240      00000000 
 240      000000
 241 0720 032229FF 		.ascii	"\003\")\377\000"
 241      00
 242 0725 00000000 		.space	19
 242      00000000 
 242      00000000 
 242      00000000 
 242      000000
 243 0738 031F29FF 		.ascii	"\003\037)\377\000"
 243      00
 244 073d 00000000 		.space	19
 244      00000000 
 244      00000000 
 244      00000000 
 244      000000
 245 0750 032029FF 		.ascii	"\003 )\377\000"
 245      00
 246 0755 00000000 		.space	19
 246      00000000 
 246      00000000 
 246      00000000 
 246      000000
 247 0768 0529FF00 		.ascii	"\005)\377\000"
 248 076c 00000000 		.space	20
 248      00000000 
 248      00000000 
 248      00000000 
 248      00000000 
 249 0780 100029FF 		.ascii	"\020\000)\377\000"
 249      00
 250 0785 00000000 		.space	19
 250      00000000 
ARM GAS  /tmp/ccMVC7I8.s 			page 13


 250      00000000 
 250      00000000 
 250      000000
 251 0798 142329FF 		.ascii	"\024#)\377\000"
 251      00
 252 079d 00000000 		.space	19
 252      00000000 
 252      00000000 
 252      00000000 
 252      000000
 253 07b0 052529FF 		.ascii	"\005%)\377\000"
 253      00
 254 07b5 00000000 		.space	19
 254      00000000 
 254      00000000 
 254      00000000 
 254      000000
 255 07c8 031B29FF 		.ascii	"\003\033)\377\000"
 255      00
 256 07cd 00000000 		.space	19
 256      00000000 
 256      00000000 
 256      00000000 
 256      000000
 257 07e0 120029FF 		.ascii	"\022\000)\377\000"
 257      00
 258 07e5 00000000 		.space	19
 258      00000000 
 258      00000000 
 258      00000000 
 258      000000
 259 07f8 0C2329FF 		.ascii	"\014#)\377\000"
 259      00
 260 07fd 00000000 		.space	19
 260      00000000 
 260      00000000 
 260      00000000 
 260      000000
 261 0810 170029FF 		.ascii	"\027\000)\377\000"
 261      00
 262 0815 00000000 		.space	19
 262      00000000 
 262      00000000 
 262      00000000 
 262      000000
 263 0828 130C1122 		.ascii	"\023\014\021\"$\011#)\377\000"
 263      24092329 
 263      FF00
 264 0832 00000000 		.space	14
 264      00000000 
 264      00000000 
 264      0000
 265 0840 03141A29 		.ascii	"\003\024\032)\377\000"
 265      FF00
 266 0846 00000000 		.space	18
 266      00000000 
 266      00000000 
ARM GAS  /tmp/ccMVC7I8.s 			page 14


 266      00000000 
 266      0000
 267 0858 230D0029 		.ascii	"#\015\000)\377\000"
 267      FF00
 268 085e 00000000 		.space	18
 268      00000000 
 268      00000000 
 268      00000000 
 268      0000
 269 0870 1B0029FF 		.ascii	"\033\000)\377\000"
 269      00
 270 0875 00000000 		.space	19
 270      00000000 
 270      00000000 
 270      00000000 
 270      000000
 271 0888 22031612 		.ascii	"\"\003\026\022)\377\021%\004\024\003\022)\377\000"
 271      29FF1125 
 271      04140312 
 271      29FF00
 272 0897 00000000 		.space	9
 272      00000000 
 272      00
 273 08a0 1104141A 		.ascii	"\021\004\024\032\"\004\034)\377\000"
 273      22041C29 
 273      FF00
 274 08aa 00000000 		.space	14
 274      00000000 
 274      00000000 
 274      0000
 275 08b8 250D1229 		.ascii	"%\015\022)\377\021%\004\024\003\022)\377\000"
 275      FF112504 
 275      14031229 
 275      FF00
 276 08c6 00000000 		.space	10
 276      00000000 
 276      0000
 277 08d0 14042503 		.ascii	"\024\004%\003\022)\377\000"
 277      1229FF00 
 278 08d8 00000000 		.space	16
 278      00000000 
 278      00000000 
 278      00000000 
 279 08e8 0C20130A 		.ascii	"\014 \023\012\032\024\006%)\377\000"
 279      1A140625 
 279      29FF00
 280 08f3 00000000 		.space	13
 280      00000000 
 280      00000000 
 280      00
 281 0900 0410051A 		.ascii	"\004\020\005\032\022%\005\026\001)\377\000"
 281      12250516 
 281      0129FF00 
 282 090c 00000000 		.space	12
 282      00000000 
 282      00000000 
 283 0918 0229FF00 		.ascii	"\002)\377\000"
ARM GAS  /tmp/ccMVC7I8.s 			page 15


 284 091c 00000000 		.space	20
 284      00000000 
 284      00000000 
 284      00000000 
 284      00000000 
 285 0930 110029FF 		.ascii	"\021\000)\377\000"
 285      00
 286 0935 00000000 		.space	19
 286      00000000 
 286      00000000 
 286      00000000 
 286      000000
 287 0948 1A0029FF 		.ascii	"\032\000)\377\000"
 287      00
 288 094d 00000000 		.space	19
 288      00000000 
 288      00000000 
 288      00000000 
 288      000000
 289 0960 130029FF 		.ascii	"\023\000)\377\000"
 289      00
 290 0965 00000000 		.space	19
 290      00000000 
 290      00000000 
 290      00000000 
 290      000000
 291 0978 0029FF00 		.ascii	"\000)\377\000"
 292 097c 00000000 		.space	20
 292      00000000 
 292      00000000 
 292      00000000 
 292      00000000 
 293 0990 031629FF 		.ascii	"\003\026)\377\000"
 293      00
 294 0995 00000000 		.space	19
 294      00000000 
 294      00000000 
 294      00000000 
 294      000000
 295 09a8 270029FF 		.ascii	"'\000)\377)\377\000"
 295      29FF00
 296 09af 00000000 		.space	17
 296      00000000 
 296      00000000 
 296      00000000 
 296      00
 297 09c0 02122629 		.ascii	"\002\022&)\377\000"
 297      FF00
 298 09c6 00000000 		.space	18
 298      00000000 
 298      00000000 
 298      00000000 
 298      0000
 299 09d8 0D29FF00 		.ascii	"\015)\377\000"
 300 09dc 00000000 		.space	20
 300      00000000 
 300      00000000 
ARM GAS  /tmp/ccMVC7I8.s 			page 16


 300      00000000 
 300      00000000 
 301 09f0 270229FF 		.ascii	"'\002)\377\000"
 301      00
 302 09f5 00000000 		.space	19
 302      00000000 
 302      00000000 
 302      00000000 
 302      000000
 303 0a08 140229FF 		.ascii	"\024\002)\377\000"
 303      00
 304 0a0d 00000000 		.space	19
 304      00000000 
 304      00000000 
 304      00000000 
 304      000000
 305 0a20 032229FF 		.ascii	"\003\")\377\000"
 305      00
 306 0a25 00000000 		.space	19
 306      00000000 
 306      00000000 
 306      00000000 
 306      000000
 307 0a38 031F29FF 		.ascii	"\003\037)\377\000"
 307      00
 308 0a3d 00000000 		.space	19
 308      00000000 
 308      00000000 
 308      00000000 
 308      000000
 309 0a50 032029FF 		.ascii	"\003 )\377\000"
 309      00
 310 0a55 00000000 		.space	19
 310      00000000 
 310      00000000 
 310      00000000 
 310      000000
 311 0a68 0529FF00 		.ascii	"\005)\377\000"
 312 0a6c 00000000 		.space	20
 312      00000000 
 312      00000000 
 312      00000000 
 312      00000000 
 313 0a80 100029FF 		.ascii	"\020\000)\377\000"
 313      00
 314 0a85 00000000 		.space	19
 314      00000000 
 314      00000000 
 314      00000000 
 314      000000
 315 0a98 142329FF 		.ascii	"\024#)\377\000"
 315      00
 316 0a9d 00000000 		.space	19
 316      00000000 
 316      00000000 
 316      00000000 
 316      000000
ARM GAS  /tmp/ccMVC7I8.s 			page 17


 317 0ab0 052529FF 		.ascii	"\005%)\377\000"
 317      00
 318 0ab5 00000000 		.space	19
 318      00000000 
 318      00000000 
 318      00000000 
 318      000000
 319 0ac8 031B29FF 		.ascii	"\003\033)\377\000"
 319      00
 320 0acd 00000000 		.space	19
 320      00000000 
 320      00000000 
 320      00000000 
 320      000000
 321 0ae0 120029FF 		.ascii	"\022\000)\377\000"
 321      00
 322 0ae5 00000000 		.space	19
 322      00000000 
 322      00000000 
 322      00000000 
 322      000000
 323 0af8 0C2329FF 		.ascii	"\014#)\377\000"
 323      00
 324 0afd 00000000 		.space	19
 324      00000000 
 324      00000000 
 324      00000000 
 324      000000
 325 0b10 170029FF 		.ascii	"\027\000)\377\000"
 325      00
 326 0b15 00000000 		.space	19
 326      00000000 
 326      00000000 
 326      00000000 
 326      000000
 327 0b28 130C1122 		.ascii	"\023\014\021\"$\011#)\377\000"
 327      24092329 
 327      FF00
 328 0b32 00000000 		.space	14
 328      00000000 
 328      00000000 
 328      0000
 329 0b40 03141A29 		.ascii	"\003\024\032)\377\000"
 329      FF00
 330 0b46 00000000 		.space	18
 330      00000000 
 330      00000000 
 330      00000000 
 330      0000
 331 0b58 230D0029 		.ascii	"#\015\000)\377\000"
 331      FF00
 332 0b5e 00000000 		.space	18
 332      00000000 
 332      00000000 
 332      00000000 
 332      0000
 333 0b70 1B0029FF 		.ascii	"\033\000)\377\000"
ARM GAS  /tmp/ccMVC7I8.s 			page 18


 333      00
 334 0b75 00000000 		.space	19
 334      00000000 
 334      00000000 
 334      00000000 
 334      000000
 335 0b88 22031612 		.ascii	"\"\003\026\022)\377\021%\002\032)\377\000"
 335      29FF1125 
 335      021A29FF 
 335      00
 336 0b95 00000000 		.space	11
 336      00000000 
 336      000000
 337 0ba0 170A1201 		.ascii	"\027\012\022\001\024\013\")\377\021\005%)\377\000"
 337      140B2229 
 337      FF110525 
 337      29FF00
 338 0baf 00000000 		.space	9
 338      00000000 
 338      00
 339 0bb8 250D1229 		.ascii	"%\015\022)\377\021%\002\032)\377\000"
 339      FF112502 
 339      1A29FF00 
 340 0bc4 00000000 		.space	12
 340      00000000 
 340      00000000 
 341 0bd0 120D2213 		.ascii	"\022\015\"\023)\377\000"
 341      29FF00
 342 0bd7 00000000 		.space	17
 342      00000000 
 342      00000000 
 342      00000000 
 342      00
 343 0be8 13032229 		.ascii	"\023\003\")\377\000"
 343      FF00
 344 0bee 00000000 		.space	18
 344      00000000 
 344      00000000 
 344      00000000 
 344      0000
 345              		.ident	"GCC: (Arm GNU Toolchain 13.2.rel1 (Build arm-13.7)) 13.2.1 20231009"
ARM GAS  /tmp/ccMVC7I8.s 			page 19


DEFINED SYMBOLS
                            *ABS*:00000000 spellwor.c
     /tmp/ccMVC7I8.s:17     .text.say_ascii:00000000 $t
     /tmp/ccMVC7I8.s:24     .text.say_ascii:00000000 say_ascii
     /tmp/ccMVC7I8.s:36     .text.say_ascii:00000014 $d
     /tmp/ccMVC7I8.s:74     .flash:00000000 AScii
     /tmp/ccMVC7I8.s:39     .text.spell_word:00000000 $t
     /tmp/ccMVC7I8.s:46     .text.spell_word:00000000 spell_word
     /tmp/ccMVC7I8.s:68     .text.spell_word:00000028 $d
     /tmp/ccMVC7I8.s:71     .flash:00000000 $d

UNDEFINED SYMBOLS
outnum
