ARM GAS  /tmp/ccKaCgQ0.s 			page 1


 GNU assembler version 2.41.0 (arm-none-eabi)
	 using BFD version (Arm GNU Toolchain 13.2.rel1 (Build arm-13.7)) 2.41.0.20231009.
 options passed	: -I -I -I -I -I -I -I -EL -march=armv7e-m+fp.dp -mfloat-abi=hard -mfpu=fpv5-d16 -meabi=5 -aghlms=src/lfgen2.lst 
 input file    	: /tmp/ccKaCgQ0.s
 output file   	: src/lfgen2.o
 target        	: arm-none-eabi
 time stamp    	: 2025-03-08T13:36:00.000+0100

ARM GAS  /tmp/ccKaCgQ0.s 			page 2


   1              		.cpu cortex-m7
   2              		.arch armv7e-m
   3              		.fpu fpv5-d16
   4              		.eabi_attribute 28, 1
   5              		.eabi_attribute 20, 1
   6              		.eabi_attribute 21, 1
   7              		.eabi_attribute 23, 3
   8              		.eabi_attribute 24, 1
   9              		.eabi_attribute 25, 1
  10              		.eabi_attribute 26, 1
  11              		.eabi_attribute 30, 2
  12              		.eabi_attribute 34, 1
  13              		.eabi_attribute 18, 4
  14              		.file	"lfgen2.c"
  15              		.text
  16              		.section	.text.truncate,"ax",%progbits
  17              		.align	1
  18              		.p2align 2,,3
  19              		.global	truncate
  20              		.syntax unified
  21              		.thumb
  22              		.thumb_func
  23              		.type	truncate, %function
  24              	truncate:
  25              		@ args = 0, pretend = 0, frame = 0
  26              		@ frame_needed = 0, uses_anonymous_args = 0
  27              		@ link register save eliminated.
  28 0000 DFED0E7A 		vldr.32	s15, .L6
  29 0004 B4EEE70A 		vcmpe.f32	s0, s15
  30 0008 F1EE10FA 		vmrs	APSR_nzcv, FPSCR
  31 000c 10DC     		bgt	.L3
  32 000e DFED0C7A 		vldr.32	s15, .L6+4
  33 0012 B4EEE70A 		vcmpe.f32	s0, s15
  34 0016 F1EE10FA 		vmrs	APSR_nzcv, FPSCR
  35 001a 0CD4     		bmi	.L4
  36 001c B7EEC00A 		vcvt.f64.f32	d0, s0
  37 0020 BAFE400B 		vrintp.f64	d0, d0
  38 0024 BDEEC00B 		vcvt.s32.f64	s0, d0
  39 0028 10EE103A 		vmov	r3, s0	@ int
  40 002c 18B2     		sxth	r0, r3
  41 002e 7047     		bx	lr
  42              	.L3:
  43 0030 47F6FF70 		movw	r0, #32767
  44 0034 7047     		bx	lr
  45              	.L4:
  46 0036 0348     		ldr	r0, .L6+8
  47 0038 7047     		bx	lr
  48              	.L7:
  49 003a 00BF     		.align	2
  50              	.L6:
  51 003c 00FEFF46 		.word	1191181824
  52 0040 00FEFFC6 		.word	-956301824
  53 0044 0180FFFF 		.word	-32767
  54              		.size	truncate, .-truncate
  55              		.section	.text.shimmer_init,"ax",%progbits
  56              		.align	1
  57              		.p2align 2,,3
ARM GAS  /tmp/ccKaCgQ0.s 			page 3


  58              		.global	shimmer_init
  59              		.syntax unified
  60              		.thumb
  61              		.thumb_func
  62              		.type	shimmer_init, %function
  63              	shimmer_init:
  64              		@ args = 0, pretend = 0, frame = 0
  65              		@ frame_needed = 0, uses_anonymous_args = 0
  66              		@ link register save eliminated.
  67 0000 90ED087A 		vldr.32	s14, [r0, #32]	@ int
  68 0004 D0ED056A 		vldr.32	s13, [r0, #20]
  69 0008 B8EEC77A 		vcvt.f32.s32	s14, s14
  70 000c C7EE267A 		vdiv.f32	s15, s14, s13
  71 0010 FDEEE77A 		vcvt.s32.f32	s15, s15
  72 0014 17EE903A 		vmov	r3, s15	@ int
  73 0018 C1E90333 		strd	r3, r3, [r1, #12]
  74 001c 7047     		bx	lr
  75              		.size	shimmer_init, .-shimmer_init
  76 001e 00BF     		.section	.text.do_shimmer,"ax",%progbits
  77              		.align	1
  78              		.p2align 2,,3
  79              		.global	do_shimmer
  80              		.syntax unified
  81              		.thumb
  82              		.thumb_func
  83              		.type	do_shimmer, %function
  84              	do_shimmer:
  85              		@ args = 0, pretend = 0, frame = 8
  86              		@ frame_needed = 0, uses_anonymous_args = 0
  87 0000 FFEE007A 		vmov.f32	s15, #-1.0e+0
  88 0004 90ED017A 		vldr.32	s14, [r0, #4]
  89 0008 2DE9F043 		push	{r4, r5, r6, r7, r8, r9, lr}
  90 000c B4EE677A 		vcmp.f32	s14, s15
  91 0010 0646     		mov	r6, r0
  92 0012 0D46     		mov	r5, r1
  93 0014 F1EE10FA 		vmrs	APSR_nzcv, FPSCR
  94 0018 2DED0C8B 		vpush.64	{d8, d9, d10, d11, d12, d13}
  95 001c 83B0     		sub	sp, sp, #12
  96 001e 65D0     		beq	.L14
  97 0020 01F57D67 		add	r7, r1, #4048
  98 0024 B0EE00AB 		vmov.f64	d10, #2.0e+0
  99 0028 01F6D474 		addw	r4, r1, #4052
 100 002c 9FEDB2BA 		vldr.32	s22, .L70+32
 101 0030 3B68     		ldr	r3, [r7]	@ float
 102 0032 01F6CC78 		addw	r8, r1, #4044
 103 0036 DFEDB1BA 		vldr.32	s23, .L70+36
 104 003a 2360     		str	r3, [r4]	@ float
 105 003c 9FEDA69B 		vldr.64	d9, .L70
 106 0040 9FEDA78B 		vldr.64	d8, .L70+8
 107              	.L57:
 108 0044 FFF7FEFF 		bl	rand
 109 0048 07EE100A 		vmov	s14, r0	@ int
 110 004c 96ED013A 		vldr.32	s6, [r6, #4]
 111 0050 B8EEC77B 		vcvt.f64.s32	d7, s14
 112 0054 D5ED036A 		vldr.32	s13, [r5, #12]	@ int
 113 0058 B7EEC33A 		vcvt.f64.f32	d3, s6
 114 005c 94ED004A 		vldr.32	s8, [r4]
ARM GAS  /tmp/ccKaCgQ0.s 			page 4


 115 0060 B8EEE65B 		vcvt.f64.s32	d5, s13
 116 0064 87EE092B 		vdiv.f64	d2, d7, d9
 117 0068 33EE037B 		vadd.f64	d7, d3, d3
 118 006c B7EEC44A 		vcvt.f64.f32	d4, s8
 119 0070 35EE055B 		vadd.f64	d5, d5, d5
 120 0074 F8EEE66A 		vcvt.f32.s32	s13, s13
 121 0078 26EE8B6A 		vmul.f32	s12, s13, s22
 122 007c 22EE082B 		vmul.f64	d2, d2, d8
 123 0080 12EE037B 		vnmls.f64	d7, d2, d3
 124 0084 F7EEC73B 		vcvt.f32.f64	s7, d7
 125 0088 B7EEE37A 		vcvt.f64.f32	d7, s7
 126 008c C8ED003A 		vstr.32	s7, [r8]
 127 0090 37EE0A2B 		vadd.f64	d2, d7, d10
 128 0094 25EE075B 		vmul.f64	d5, d5, d7
 129 0098 24EE024B 		vmul.f64	d4, d4, d2
 130 009c 3AEE473B 		vsub.f64	d3, d10, d7
 131 00a0 85EE032B 		vdiv.f64	d2, d5, d3
 132 00a4 84EE037B 		vdiv.f64	d7, d4, d3
 133 00a8 37EE027B 		vadd.f64	d7, d7, d2
 134 00ac F7EEC77B 		vcvt.f32.f64	s15, d7
 135 00b0 37EEA67A 		vadd.f32	s14, s15, s13
 136 00b4 C7ED007A 		vstr.32	s15, [r7]
 137 00b8 B7EEC77A 		vcvt.f64.f32	d7, s14
 138 00bc BAFE477B 		vrintp.f64	d7, d7
 139 00c0 BDEEC77B 		vcvt.s32.f64	s14, d7
 140 00c4 17EE103A 		vmov	r3, s14	@ int
 141 00c8 1BB2     		sxth	r3, r3
 142 00ca 07EE903A 		vmov	s15, r3	@ int
 143 00ce 2B61     		str	r3, [r5, #16]
 144 00d0 F8EEE77A 		vcvt.f32.s32	s15, s15
 145 00d4 F4EEC67A 		vcmpe.f32	s15, s12
 146 00d8 F1EE10FA 		vmrs	APSR_nzcv, FPSCR
 147 00dc B2DC     		bgt	.L57
 148 00de 66EEAB6A 		vmul.f32	s13, s13, s23
 149 00e2 F4EEE67A 		vcmpe.f32	s15, s13
 150 00e6 F1EE10FA 		vmrs	APSR_nzcv, FPSCR
 151 00ea ABD4     		bmi	.L57
 152              	.L14:
 153 00ec FFEE007A 		vmov.f32	s15, #-1.0e+0
 154 00f0 96ED0C7A 		vldr.32	s14, [r6, #48]
 155 00f4 B4EE677A 		vcmp.f32	s14, s15
 156 00f8 F1EE10FA 		vmrs	APSR_nzcv, FPSCR
 157 00fc 00F0FA81 		beq	.L63
 158 0100 05F6DC77 		addw	r7, r5, #4060
 159 0104 05F57E64 		add	r4, r5, #4064
 160 0108 9FED7D9A 		vldr.32	s18, .L70+40
 161 010c 05F6D878 		addw	r8, r5, #4056
 162 0110 3B68     		ldr	r3, [r7]	@ float
 163 0112 DFED7C8A 		vldr.32	s17, .L70+44
 164 0116 DFED7C9A 		vldr.32	s19, .L70+48
 165 011a 2360     		str	r3, [r4]	@ float
 166              	.L58:
 167 011c FFF7FEFF 		bl	rand
 168 0120 07EE100A 		vmov	s14, r0	@ int
 169 0124 D6ED097A 		vldr.32	s15, [r6, #36]	@ int
 170 0128 B1EE001B 		vmov.f64	d1, #4.0e+0
 171 012c B8EEC77A 		vcvt.f32.s32	s14, s14
ARM GAS  /tmp/ccKaCgQ0.s 			page 5


 172 0130 96ED0C2A 		vldr.32	s4, [r6, #48]
 173 0134 F8EEE70A 		vcvt.f32.s32	s1, s15
 174 0138 94ED003A 		vldr.32	s6, [r4]
 175 013c B8EEE76B 		vcvt.f64.s32	d6, s15
 176 0140 27EE097A 		vmul.f32	s14, s14, s18
 177 0144 B7EEC22A 		vcvt.f64.f32	d2, s4
 178 0148 B0EE004B 		vmov.f64	d4, #2.0e+0
 179 014c B7EEC77A 		vcvt.f64.f32	d7, s14
 180 0150 32EE025B 		vadd.f64	d5, d2, d2
 181 0154 B7EEC33A 		vcvt.f64.f32	d3, s6
 182 0158 27EE017B 		vmul.f64	d7, d7, d1
 183 015c 36EE066B 		vadd.f64	d6, d6, d6
 184 0160 20EEA80A 		vmul.f32	s0, s1, s17
 185 0164 17EE025B 		vnmls.f64	d5, d7, d2
 186 0168 B7EEC55B 		vcvt.f32.f64	s10, d5
 187 016c B7EEC57A 		vcvt.f64.f32	d7, s10
 188 0170 88ED005A 		vstr.32	s10, [r8]
 189 0174 37EE045B 		vadd.f64	d5, d7, d4
 190 0178 26EE076B 		vmul.f64	d6, d6, d7
 191 017c 23EE053B 		vmul.f64	d3, d3, d5
 192 0180 34EE474B 		vsub.f64	d4, d4, d7
 193 0184 86EE045B 		vdiv.f64	d5, d6, d4
 194 0188 83EE047B 		vdiv.f64	d7, d3, d4
 195 018c 37EE057B 		vadd.f64	d7, d7, d5
 196 0190 B7EEC77B 		vcvt.f32.f64	s14, d7
 197 0194 37EE208A 		vadd.f32	s16, s14, s1
 198 0198 87ED007A 		vstr.32	s14, [r7]
 199 019c B4EEC80A 		vcmpe.f32	s0, s16
 200 01a0 F1EE10FA 		vmrs	APSR_nzcv, FPSCR
 201 01a4 BAD4     		bmi	.L58
 202 01a6 60EEA90A 		vmul.f32	s1, s1, s19
 203 01aa F4EEC80A 		vcmpe.f32	s1, s16
 204 01ae F1EE10FA 		vmrs	APSR_nzcv, FPSCR
 205 01b2 B3DC     		bgt	.L58
 206              	.L16:
 207 01b4 96ED027A 		vldr.32	s14, [r6, #8]
 208 01b8 B6EE005B 		vmov.f64	d5, #5.0e-1
 209 01bc D5ED036A 		vldr.32	s13, [r5, #12]	@ int
 210 01c0 B7EEC77A 		vcvt.f64.f32	d7, s14
 211 01c4 B8EEE66B 		vcvt.f64.s32	d6, s13
 212 01c8 27EE057B 		vmul.f64	d7, d7, d5
 213 01cc 27EE067B 		vmul.f64	d7, d7, d6
 214 01d0 BAFE477B 		vrintp.f64	d7, d7
 215 01d4 FDEEC77B 		vcvt.s32.f64	s15, d7
 216 01d8 17EE908A 		vmov	r8, s15	@ int
 217 01dc C5ED057A 		vstr.32	s15, [r5, #20]	@ int
 218 01e0 B8F1000F 		cmp	r8, #0
 219 01e4 3EDD     		ble	.L23
 220 01e6 D6ED068A 		vldr.32	s17, [r6, #24]
 221 01ea B7EEC89A 		vcvt.f64.f32	d9, s16
 222 01ee B8EEE7CB 		vcvt.f64.s32	d12, s15
 223 01f2 0024     		movs	r4, #0
 224 01f4 FDEEE87A 		vcvt.s32.f32	s15, s17
 225 01f8 29EE059B 		vmul.f64	d9, d9, d5
 226 01fc 2746     		mov	r7, r4
 227 01fe 17EE909A 		vmov	r9, s15	@ int
 228 0202 B7EE00AB 		vmov.f64	d10, #1.0e+0
ARM GAS  /tmp/ccKaCgQ0.s 			page 6


 229 0206 9FED38BB 		vldr.64	d11, .L70+16
 230 020a 08E0     		b	.L22
 231              	.L64:
 232 020c 0134     		adds	r4, r4, #1
 233 020e 10EE103A 		vmov	r3, s0	@ int
 234 0212 A4B2     		uxth	r4, r4
 235 0214 45F82230 		str	r3, [r5, r2, lsl #2]
 236 0218 A045     		cmp	r8, r4
 237 021a 2746     		mov	r7, r4
 238 021c 22DD     		ble	.L23
 239              	.L22:
 240 021e 07EE907A 		vmov	s15, r7	@ int
 241 0222 B8EEE70B 		vcvt.f64.s32	d0, s15
 242 0226 20EE0B0B 		vmul.f64	d0, d0, d11
 243 022a 80EE0C0B 		vdiv.f64	d0, d0, d12
 244 022e FFF7FEFF 		bl	cos
 245 0232 07F5FE72 		add	r2, r7, #508
 246 0236 3AEE400B 		vsub.f64	d0, d10, d0
 247 023a 20EE090B 		vmul.f64	d0, d0, d9
 248 023e BAFE400B 		vrintp.f64	d0, d0
 249 0242 BDEEC00B 		vcvt.s32.f64	s0, d0
 250 0246 F8EEC07A 		vcvt.f32.s32	s15, s0
 251 024a F4EEE87A 		vcmpe.f32	s15, s17
 252 024e F1EE10FA 		vmrs	APSR_nzcv, FPSCR
 253 0252 DBD5     		bpl	.L64
 254 0254 0134     		adds	r4, r4, #1
 255 0256 45F82290 		str	r9, [r5, r2, lsl #2]
 256 025a EF61     		str	r7, [r5, #28]
 257 025c A4B2     		uxth	r4, r4
 258 025e A045     		cmp	r8, r4
 259 0260 2746     		mov	r7, r4
 260 0262 DCDC     		bgt	.L22
 261              	.L23:
 262 0264 96ED0BAA 		vldr.32	s20, [r6, #44]
 263 0268 B7EE009B 		vmov.f64	d9, #1.0e+0
 264 026c 96ED03BA 		vldr.32	s22, [r6, #12]
 265 0270 FFF7FEFF 		bl	rand
 266 0274 06EE100A 		vmov	s12, r0	@ int
 267 0278 3AEE0AAA 		vadd.f32	s20, s20, s20
 268 027c B6EE005B 		vmov.f64	d5, #5.0e-1
 269 0280 6F69     		ldr	r7, [r5, #20]
 270 0282 B8EEC66B 		vcvt.f64.s32	d6, s12
 271 0286 B7EECAAA 		vcvt.f64.f32	d10, s20
 272 028a 1FFA87F9 		uxth	r9, r7
 273 028e B0EE49CB 		vmov.f64	d12, d9
 274 0292 4FEA4708 		lsl	r8, r7, #1
 275 0296 B7EECBBA 		vcvt.f64.f32	d11, s22
 276 029a B9EB470F 		cmp	r9, r7, lsl #1
 277 029e 4C46     		mov	r4, r9
 278 02a0 9FED134B 		vldr.64	d4, .L70+24
 279 02a4 86EE047B 		vdiv.f64	d7, d6, d4
 280 02a8 37EE457B 		vsub.f64	d7, d7, d5
 281 02ac 07EE0ACB 		vmla.f64	d12, d7, d10
 282 02b0 2CEE0BCB 		vmul.f64	d12, d12, d11
 283 02b4 B7EECCCB 		vcvt.f32.f64	s24, d12
 284 02b8 80F28E81 		bge	.L65
 285 02bc 07EE907A 		vmov	s15, r7	@ int
ARM GAS  /tmp/ccKaCgQ0.s 			page 7


 286 02c0 B7EEC88A 		vcvt.f64.f32	d8, s16
 287 02c4 B7EECCCA 		vcvt.f64.f32	d12, s24
 288 02c8 96ED06DA 		vldr.32	s26, [r6, #24]
 289 02cc B8EEE7BB 		vcvt.f64.s32	d11, s15
 290 02d0 9FED05AB 		vldr.64	d10, .L70+16
 291 02d4 25E0     		b	.L26
 292              	.L71:
 293 02d6 00BF     		.align	3
 294              	.L70:
 295 02d8 00F0D8FF 		.word	-2560000
 296 02dc FF87B342 		.word	1119062015
 297 02e0 00000000 		.word	0
 298 02e4 0088E340 		.word	1088653312
 299 02e8 EA2E4454 		.word	1413754602
 300 02ec FB210940 		.word	1074340347
 301 02f0 0000C0FF 		.word	-4194304
 302 02f4 FFFFDF41 		.word	1105199103
 303 02f8 9A99993F 		.word	1067030938
 304 02fc CDCC4C3F 		.word	1061997773
 305 0300 00000030 		.word	805306368
 306 0304 6666E63F 		.word	1072064102
 307 0308 CDCC4C3E 		.word	1045220557
 308 030c 00000000 		.word	0
 309 0310 00FEFF46 		.word	1191181824
 310 0314 00FEFFC6 		.word	-956301824
 311              	.L60:
 312 0318 94B2     		uxth	r4, r2
 313 031a 4445     		cmp	r4, r8
 314 031c A146     		mov	r9, r4
 315 031e 80F20081 		bge	.L66
 316              	.L26:
 317 0322 A9EB0703 		sub	r3, r9, r7
 318 0326 00EE103A 		vmov	s0, r3	@ int
 319 032a B8EEC00B 		vcvt.f64.s32	d0, s0
 320 032e 20EE0A0B 		vmul.f64	d0, d0, d10
 321 0332 80EE0B0B 		vdiv.f64	d0, d0, d11
 322 0336 FFF7FEFF 		bl	cos
 323 033a 09F5FE73 		add	r3, r9, #508
 324 033e 621C     		adds	r2, r4, #1
 325 0340 B0EE4C7B 		vmov.f64	d7, d12
 326 0344 10EE0C7B 		vnmls.f64	d7, d0, d12
 327 0348 37EE097B 		vadd.f64	d7, d7, d9
 328 034c 27EE087B 		vmul.f64	d7, d7, d8
 329 0350 BAFE477B 		vrintp.f64	d7, d7
 330 0354 BDEEC77B 		vcvt.s32.f64	s14, d7
 331 0358 F8EEC77A 		vcvt.f32.s32	s15, s14
 332 035c 17EE101A 		vmov	r1, s14	@ int
 333 0360 45F82310 		str	r1, [r5, r3, lsl #2]
 334 0364 F4EECD7A 		vcmpe.f32	s15, s26
 335 0368 F1EE10FA 		vmrs	APSR_nzcv, FPSCR
 336 036c D4D5     		bpl	.L60
 337 036e 4F46     		mov	r7, r9
 338 0370 A146     		mov	r9, r4
 339              	.L19:
 340 0372 2A69     		ldr	r2, [r5, #16]
 341 0374 AF61     		str	r7, [r5, #24]
 342 0376 4A45     		cmp	r2, r9
ARM GAS  /tmp/ccKaCgQ0.s 			page 8


 343 0378 0EDD     		ble	.L27
 344 037a D6ED067A 		vldr.32	s15, [r6, #24]
 345 037e FDEEE77A 		vcvt.s32.f32	s15, s15
 346 0382 17EE901A 		vmov	r1, s15	@ int
 347              	.L28:
 348 0386 0134     		adds	r4, r4, #1
 349 0388 09F5FE73 		add	r3, r9, #508
 350 038c A4B2     		uxth	r4, r4
 351 038e 45F82310 		str	r1, [r5, r3, lsl #2]
 352 0392 9442     		cmp	r4, r2
 353 0394 A146     		mov	r9, r4
 354 0396 F6DB     		blt	.L28
 355              	.L27:
 356 0398 FFEE007A 		vmov.f32	s15, #-1.0e+0
 357 039c 96ED076A 		vldr.32	s12, [r6, #28]
 358 03a0 B4EE676A 		vcmp.f32	s12, s15
 359 03a4 F1EE10FA 		vmrs	APSR_nzcv, FPSCR
 360 03a8 00F0B580 		beq	.L9
 361 03ac EC69     		ldr	r4, [r5, #28]
 362 03ae 1FED297A 		vldr.32	s14, .L70+52
 363 03b2 A1B2     		uxth	r1, r4
 364 03b4 B942     		cmp	r1, r7
 365 03b6 0B46     		mov	r3, r1
 366 03b8 10DA     		bge	.L31
 367              	.L32:
 368 03ba 01F5FE71 		add	r1, r1, #508
 369 03be 0133     		adds	r3, r3, #1
 370 03c0 05EB8101 		add	r1, r5, r1, lsl #2
 371 03c4 9BB2     		uxth	r3, r3
 372 03c6 D1ED007A 		vldr.32	s15, [r1]	@ int
 373 03ca BB42     		cmp	r3, r7
 374 03cc 1946     		mov	r1, r3
 375 03ce F8EEE77A 		vcvt.f32.s32	s15, s15
 376 03d2 67EEA77A 		vmul.f32	s15, s15, s15
 377 03d6 37EE277A 		vadd.f32	s14, s14, s15
 378 03da EEDB     		blt	.L32
 379              	.L31:
 380 03dc 07EE907A 		vmov	s15, r7	@ int
 381 03e0 F7EE004A 		vmov.f32	s9, #1.0e+0
 382 03e4 B2EE085A 		vmov.f32	s10, #1.2e+1
 383 03e8 05F6C473 		addw	r3, r5, #4036
 384 03ec F8EEE76A 		vcvt.f32.s32	s13, s15
 385 03f0 07EE904A 		vmov	s15, r4	@ int
 386 03f4 F8EEE77A 		vcvt.f32.s32	s15, s15
 387 03f8 76EEE76A 		vsub.f32	s13, s13, s15
 388 03fc 07EE902A 		vmov	s15, r2	@ int
 389 0400 F8EEE75A 		vcvt.f32.s32	s11, s15
 390 0404 C6EEA57A 		vdiv.f32	s15, s13, s11
 391 0408 C7EE265A 		vdiv.f32	s11, s14, s13
 392 040c 77EEA47A 		vadd.f32	s15, s15, s9
 393 0410 67EE857A 		vmul.f32	s15, s15, s10
 394 0414 C3ED005A 		vstr.32	s11, [r3]
 395 0418 67EEA57A 		vmul.f32	s15, s15, s11
 396 041c 87EE860A 		vdiv.f32	s0, s15, s12
 397 0420 B7EEC00A 		vcvt.f64.f32	d0, s0
 398 0424 B5EE400B 		vcmp.f64	d0, #0
 399 0428 F1EE10FA 		vmrs	APSR_nzcv, FPSCR
ARM GAS  /tmp/ccKaCgQ0.s 			page 9


 400 042c 00F1DA80 		bmi	.L61
 401 0430 B1EEC07B 		vsqrt.f64	d7, d0
 402              	.L35:
 403 0434 05F57C68 		add	r8, r5, #4032
 404 0438 0023     		movs	r3, #0
 405 043a 002C     		cmp	r4, #0
 406 043c BDEEC77B 		vcvt.s32.f64	s14, d7
 407 0440 86ED0A7A 		vstr.32	s14, [r6, #40]	@ int
 408 0444 C8F80030 		str	r3, [r8]	@ float
 409 0448 40F3C480 		ble	.L44
 410 044c 0024     		movs	r4, #0
 411 044e 1FED509A 		vldr.32	s18, .L70+56
 412 0452 5FED509A 		vldr.32	s19, .L70+60
 413 0456 2746     		mov	r7, r4
 414 0458 9FED678B 		vldr.64	d8, .L72
 415 045c 12E0     		b	.L38
 416              	.L68:
 417 045e F4EEE97A 		vcmpe.f32	s15, s19
 418 0462 F1EE10FA 		vmrs	APSR_nzcv, FPSCR
 419 0466 00F1B980 		bmi	.L46
 420 046a FDEEE77A 		vcvt.s32.f32	s15, s15
 421 046e 17EE903A 		vmov	r3, s15	@ int
 422 0472 1BB2     		sxth	r3, r3
 423              	.L37:
 424 0474 0134     		adds	r4, r4, #1
 425 0476 C2F8F037 		str	r3, [r2, #2032]
 426 047a EB69     		ldr	r3, [r5, #28]
 427 047c A4B2     		uxth	r4, r4
 428 047e 9C42     		cmp	r4, r3
 429 0480 2746     		mov	r7, r4
 430 0482 50DA     		bge	.L67
 431              	.L38:
 432 0484 FFF7FEFF 		bl	rand
 433 0488 05EE100A 		vmov	s10, r0	@ int
 434 048c D6ED0A6A 		vldr.32	s13, [r6, #40]	@ int
 435 0490 B6EE007B 		vmov.f64	d7, #5.0e-1
 436 0494 B8EEC55B 		vcvt.f64.s32	d5, s10
 437 0498 05EB8702 		add	r2, r5, r7, lsl #2
 438 049c B8EEE66B 		vcvt.f64.s32	d6, s13
 439 04a0 85EE084B 		vdiv.f64	d4, d5, d8
 440 04a4 26EE077B 		vmul.f64	d7, d6, d7
 441 04a8 14EE067B 		vnmls.f64	d7, d4, d6
 442 04ac BAFE477B 		vrintp.f64	d7, d7
 443 04b0 BDEEC77B 		vcvt.s32.f64	s14, d7
 444 04b4 17EE103A 		vmov	r3, s14	@ int
 445 04b8 1BB2     		sxth	r3, r3
 446 04ba 07EE903A 		vmov	s15, r3	@ int
 447 04be 1362     		str	r3, [r2, #32]
 448 04c0 B8EEE77A 		vcvt.f32.s32	s14, s15
 449 04c4 D8ED007A 		vldr.32	s15, [r8]
 450 04c8 67EE076A 		vmul.f32	s13, s14, s14
 451 04cc 77EEA67A 		vadd.f32	s15, s15, s13
 452 04d0 C8ED007A 		vstr.32	s15, [r8]
 453 04d4 D2F8F037 		ldr	r3, [r2, #2032]
 454 04d8 07EE903A 		vmov	s15, r3	@ int
 455 04dc F8EEE77A 		vcvt.f32.s32	s15, s15
 456 04e0 77EE877A 		vadd.f32	s15, s15, s14
ARM GAS  /tmp/ccKaCgQ0.s 			page 10


 457 04e4 F4EEC97A 		vcmpe.f32	s15, s18
 458 04e8 F1EE10FA 		vmrs	APSR_nzcv, FPSCR
 459 04ec B7DD     		ble	.L68
 460 04ee 47F6FF73 		movw	r3, #32767
 461 04f2 BFE7     		b	.L37
 462              	.L63:
 463 04f4 D6ED097A 		vldr.32	s15, [r6, #36]	@ int
 464 04f8 B8EEE78A 		vcvt.f32.s32	s16, s15
 465 04fc 5AE6     		b	.L16
 466              	.L39:
 467 04fe 98ED007A 		vldr.32	s14, [r8]
 468              	.L42:
 469 0502 07EE902A 		vmov	s15, r2	@ int
 470 0506 05F6C875 		addw	r5, r5, #4040
 471 050a F8EEE77A 		vcvt.f32.s32	s15, s15
 472 050e C7EE276A 		vdiv.f32	s13, s14, s15
 473 0512 C5ED006A 		vstr.32	s13, [r5]
 474              	.L9:
 475 0516 2046     		mov	r0, r4
 476 0518 03B0     		add	sp, sp, #12
 477              		@ sp needed
 478 051a BDEC0C8B 		vldm	sp!, {d8-d13}
 479 051e BDE8F083 		pop	{r4, r5, r6, r7, r8, r9, pc}
 480              	.L66:
 481 0522 2746     		mov	r7, r4
 482 0524 25E7     		b	.L19
 483              	.L67:
 484 0526 AF69     		ldr	r7, [r5, #24]
 485 0528 2A69     		ldr	r2, [r5, #16]
 486 052a BCB2     		uxth	r4, r7
 487              	.L36:
 488 052c A242     		cmp	r2, r4
 489 052e BFB2     		uxth	r7, r7
 490 0530 E5DD     		ble	.L39
 491 0532 9FED339A 		vldr.32	s18, .L72+8
 492 0536 DFED339A 		vldr.32	s19, .L72+12
 493 053a 9FED2F8B 		vldr.64	d8, .L72
 494 053e 11E0     		b	.L41
 495              	.L69:
 496 0540 F4EEE97A 		vcmpe.f32	s15, s19
 497 0544 F1EE10FA 		vmrs	APSR_nzcv, FPSCR
 498 0548 4AD4     		bmi	.L48
 499 054a FDEEE77A 		vcvt.s32.f32	s15, s15
 500 054e 17EE903A 		vmov	r3, s15	@ int
 501 0552 1BB2     		sxth	r3, r3
 502              	.L40:
 503 0554 0137     		adds	r7, r7, #1
 504 0556 C4F8F037 		str	r3, [r4, #2032]
 505 055a 2A69     		ldr	r2, [r5, #16]
 506 055c BFB2     		uxth	r7, r7
 507 055e 9742     		cmp	r7, r2
 508 0560 3C46     		mov	r4, r7
 509 0562 CEDA     		bge	.L42
 510              	.L41:
 511 0564 FFF7FEFF 		bl	rand
 512 0568 05EE100A 		vmov	s10, r0	@ int
 513 056c D6ED0A6A 		vldr.32	s13, [r6, #40]	@ int
ARM GAS  /tmp/ccKaCgQ0.s 			page 11


 514 0570 B6EE007B 		vmov.f64	d7, #5.0e-1
 515 0574 B8EEC55B 		vcvt.f64.s32	d5, s10
 516 0578 05EB8404 		add	r4, r5, r4, lsl #2
 517 057c B8EEE66B 		vcvt.f64.s32	d6, s13
 518 0580 85EE084B 		vdiv.f64	d4, d5, d8
 519 0584 26EE077B 		vmul.f64	d7, d6, d7
 520 0588 14EE067B 		vnmls.f64	d7, d4, d6
 521 058c BAFE477B 		vrintp.f64	d7, d7
 522 0590 BDEEC77B 		vcvt.s32.f64	s14, d7
 523 0594 17EE103A 		vmov	r3, s14	@ int
 524 0598 1BB2     		sxth	r3, r3
 525 059a 07EE903A 		vmov	s15, r3	@ int
 526 059e 2362     		str	r3, [r4, #32]
 527 05a0 F8EEE76A 		vcvt.f32.s32	s13, s15
 528 05a4 D8ED007A 		vldr.32	s15, [r8]
 529 05a8 26EEA67A 		vmul.f32	s14, s13, s13
 530 05ac 37EE277A 		vadd.f32	s14, s14, s15
 531 05b0 88ED007A 		vstr.32	s14, [r8]
 532 05b4 D4F8F037 		ldr	r3, [r4, #2032]
 533 05b8 07EE903A 		vmov	s15, r3	@ int
 534 05bc F8EEE77A 		vcvt.f32.s32	s15, s15
 535 05c0 77EEA67A 		vadd.f32	s15, s15, s13
 536 05c4 F4EEC97A 		vcmpe.f32	s15, s18
 537 05c8 F1EE10FA 		vmrs	APSR_nzcv, FPSCR
 538 05cc B8DD     		ble	.L69
 539 05ce 47F6FF73 		movw	r3, #32767
 540 05d2 BFE7     		b	.L40
 541              	.L44:
 542 05d4 3C46     		mov	r4, r7
 543 05d6 A9E7     		b	.L36
 544              	.L65:
 545 05d8 4F46     		mov	r7, r9
 546 05da CAE6     		b	.L19
 547              	.L46:
 548 05dc 0A4B     		ldr	r3, .L72+16
 549 05de 49E7     		b	.L37
 550              	.L48:
 551 05e0 094B     		ldr	r3, .L72+16
 552 05e2 B7E7     		b	.L40
 553              	.L61:
 554 05e4 0192     		str	r2, [sp, #4]
 555 05e6 FFF7FEFF 		bl	sqrt
 556 05ea 019A     		ldr	r2, [sp, #4]
 557 05ec B0EE407B 		vmov.f64	d7, d0
 558 05f0 20E7     		b	.L35
 559              	.L73:
 560 05f2 00BFAFF3 		.align	3
 560      0080
 561              	.L72:
 562 05f8 0000C0FF 		.word	-4194304
 563 05fc FFFFDF41 		.word	1105199103
 564 0600 00FEFF46 		.word	1191181824
 565 0604 00FEFFC6 		.word	-956301824
 566 0608 0180FFFF 		.word	-32767
 567              		.size	do_shimmer, .-do_shimmer
 568              		.section	.text.shimmer_get_sample,"ax",%progbits
 569              		.align	1
ARM GAS  /tmp/ccKaCgQ0.s 			page 12


 570              		.p2align 2,,3
 571              		.global	shimmer_get_sample
 572              		.syntax unified
 573              		.thumb
 574              		.thumb_func
 575              		.type	shimmer_get_sample, %function
 576              	shimmer_get_sample:
 577              		@ args = 0, pretend = 0, frame = 0
 578              		@ frame_needed = 0, uses_anonymous_args = 0
 579 0000 38B5     		push	{r3, r4, r5, lr}
 580 0002 1F4B     		ldr	r3, .L80+24
 581 0004 1F4D     		ldr	r5, .L80+28
 582 0006 93ED006A 		vldr.32	s12, [r3]
 583 000a 1F4C     		ldr	r4, .L80+32
 584 000c B7EEC66A 		vcvt.f64.f32	d6, s12
 585 0010 2B88     		ldrh	r3, [r5]
 586 0012 9FED154B 		vldr.64	d4, .L80
 587 0016 9FED167B 		vldr.64	d7, .L80+8
 588 001a 9FED175B 		vldr.64	d5, .L80+16
 589 001e 06EE047B 		vmla.f64	d7, d6, d4
 590 0022 B7EEC77B 		vcvt.f32.f64	s14, d7
 591 0026 B7EEC77A 		vcvt.f64.f32	d7, s14
 592 002a 85EE076B 		vdiv.f64	d6, d5, d7
 593 002e FDEEC67B 		vcvt.s32.f64	s15, d6
 594 0032 C4ED037A 		vstr.32	s15, [r4, #12]	@ int
 595 0036 C4ED047A 		vstr.32	s15, [r4, #16]	@ int
 596 003a 63B1     		cbz	r3, .L75
 597 003c 134A     		ldr	r2, .L80+36
 598 003e 1288     		ldrh	r2, [r2]
 599              	.L76:
 600 0040 03F5FE71 		add	r1, r3, #508
 601 0044 0133     		adds	r3, r3, #1
 602 0046 9BB2     		uxth	r3, r3
 603 0048 34F92100 		ldrsh	r0, [r4, r1, lsl #2]
 604 004c 9342     		cmp	r3, r2
 605 004e 88BF     		it	hi
 606 0050 0023     		movhi	r3, #0
 607 0052 2B80     		strh	r3, [r5]	@ movhi
 608 0054 38BD     		pop	{r3, r4, r5, pc}
 609              	.L75:
 610 0056 2146     		mov	r1, r4
 611 0058 0D48     		ldr	r0, .L80+40
 612 005a FFF7FEFF 		bl	do_shimmer
 613 005e 0B49     		ldr	r1, .L80+36
 614 0060 82B2     		uxth	r2, r0
 615 0062 2B88     		ldrh	r3, [r5]
 616 0064 0A80     		strh	r2, [r1]	@ movhi
 617 0066 EBE7     		b	.L76
 618              	.L81:
 619              		.align	3
 620              	.L80:
 621 0068 00000000 		.word	0
 622 006c 00409F40 		.word	1084178432
 623 0070 00000000 		.word	0
 624 0074 00005940 		.word	1079574528
 625 0078 00000000 		.word	0
 626 007c 0040BF40 		.word	1086275584
ARM GAS  /tmp/ccKaCgQ0.s 			page 13


 627 0080 00000000 		.word	_selz
 628 0084 00000000 		.word	count.2
 629 0088 00000000 		.word	shimm
 630 008c 00000000 		.word	xx.1
 631 0090 00000000 		.word	parry
 632              		.size	shimmer_get_sample, .-shimmer_get_sample
 633              		.section	.text.doklglott,"ax",%progbits
 634              		.align	1
 635              		.p2align 2,,3
 636              		.global	doklglott
 637              		.syntax unified
 638              		.thumb
 639              		.thumb_func
 640              		.type	doklglott, %function
 641              	doklglott:
 642              		@ args = 0, pretend = 0, frame = 0
 643              		@ frame_needed = 0, uses_anonymous_args = 0
 644              		@ link register save eliminated.
 645 0000 90ED087A 		vldr.32	s14, [r0, #32]
 646 0004 90ED002A 		vldr.32	s4, [r0]	@ int
 647 0008 D0ED097A 		vldr.32	s15, [r0, #36]
 648 000c 8368     		ldr	r3, [r0, #8]
 649 000e F8EEC23A 		vcvt.f32.s32	s7, s4
 650 0012 67EE277A 		vmul.f32	s15, s14, s15
 651 0016 06EE903A 		vmov	s13, r3	@ int
 652 001a 67EEA37A 		vmul.f32	s15, s15, s7
 653 001e F8EEE66A 		vcvt.f32.s32	s13, s13
 654 0022 F4EEE76A 		vcmpe.f32	s13, s15
 655 0026 F1EE10FA 		vmrs	APSR_nzcv, FPSCR
 656 002a 36D5     		bpl	.L90
 657 002c 90ED056A 		vldr.32	s12, [r0, #20]
 658 0030 B7EEE65A 		vcvt.f64.f32	d5, s13
 659 0034 C6EEA37A 		vdiv.f32	s15, s13, s7
 660 0038 90ED064A 		vldr.32	s8, [r0, #24]
 661 003c D0ED0A1A 		vldr.32	s3, [r0, #40]
 662 0040 90ED0B3A 		vldr.32	s6, [r0, #44]
 663 0044 B7EEC66A 		vcvt.f64.f32	d6, s12
 664 0048 B8EEC22B 		vcvt.f64.s32	d2, s4
 665 004c B0EE080B 		vmov.f64	d0, #3.0e+0
 666 0050 36EE066B 		vadd.f64	d6, d6, d6
 667 0054 B7EEC44A 		vcvt.f64.f32	d4, s8
 668 0058 26EE056B 		vmul.f64	d6, d6, d5
 669 005c 24EE004B 		vmul.f64	d4, d4, d0
 670 0060 86EE025B 		vdiv.f64	d5, d6, d2
 671 0064 B7EEE72A 		vcvt.f64.f32	d2, s15
 672 0068 24EE024B 		vmul.f64	d4, d4, d2
 673 006c 04EE425B 		vmls.f64	d5, d4, d2
 674 0070 B7EEC56B 		vcvt.f32.f64	s12, d5
 675 0074 36EE616A 		vsub.f32	s12, s12, s3
 676 0078 86EE030A 		vdiv.f32	s0, s12, s6
 677              	.L83:
 678 007c 0133     		adds	r3, r3, #1
 679 007e 07EE903A 		vmov	s15, r3	@ int
 680 0082 27EE237A 		vmul.f32	s14, s14, s7
 681 0086 F8EEE77A 		vcvt.f32.s32	s15, s15
 682 008a F4EE477A 		vcmp.f32	s15, s14
 683 008e F1EE10FA 		vmrs	APSR_nzcv, FPSCR
ARM GAS  /tmp/ccKaCgQ0.s 			page 14


 684 0092 A8BF     		it	ge
 685 0094 0023     		movge	r3, #0
 686 0096 8360     		str	r3, [r0, #8]
 687 0098 7047     		bx	lr
 688              	.L90:
 689 009a 9FED010A 		vldr.32	s0, .L91
 690 009e EDE7     		b	.L83
 691              	.L92:
 692              		.align	2
 693              	.L91:
 694 00a0 00000000 		.word	0
 695              		.size	doklglott, .-doklglott
 696              		.section	.text.setfreq,"ax",%progbits
 697              		.align	1
 698              		.p2align 2,,3
 699              		.global	setfreq
 700              		.syntax unified
 701              		.thumb
 702              		.thumb_func
 703              		.type	setfreq, %function
 704              	setfreq:
 705              		@ args = 0, pretend = 0, frame = 0
 706              		@ frame_needed = 0, uses_anonymous_args = 0
 707              		@ link register save eliminated.
 708 0000 06EE901A 		vmov	s13, r1	@ int
 709 0004 B7EE007A 		vmov.f32	s14, #1.0e+0
 710 0008 D0ED037A 		vldr.32	s15, [r0, #12]
 711 000c B1EE005B 		vmov.f64	d5, #4.0e+0
 712 0010 B8EEE62B 		vcvt.f64.s32	d2, s13
 713 0014 90ED044A 		vldr.32	s8, [r0, #16]
 714 0018 37EE677A 		vsub.f32	s14, s14, s15
 715 001c D0ED007A 		vldr.32	s15, [r0]	@ int
 716 0020 F8EEE61A 		vcvt.f32.s32	s3, s13
 717 0024 0023     		movs	r3, #0
 718 0026 F8EEE77A 		vcvt.f32.s32	s15, s15
 719 002a 4160     		str	r1, [r0, #4]
 720 002c B7EEC76A 		vcvt.f64.f32	d6, s14
 721 0030 80ED097A 		vstr.32	s14, [r0, #36]
 722 0034 B3EE0B0B 		vmov.f64	d0, #2.7e+1
 723 0038 8360     		str	r3, [r0, #8]
 724 003a B7EEC44A 		vcvt.f64.f32	d4, s8
 725 003e 26EE055B 		vmul.f64	d5, d6, d5
 726 0042 24EE004B 		vmul.f64	d4, d4, d0
 727 0046 25EE065B 		vmul.f64	d5, d5, d6
 728 004a 2DED028B 		vpush.64	{d8}
 729 004e B7EE008B 		vmov.f64	d8, #1.0e+0
 730 0052 26EE056B 		vmul.f64	d6, d6, d5
 731 0056 88EE023B 		vdiv.f64	d3, d8, d2
 732 005a DFED182A 		vldr.32	s5, .L95
 733 005e C0ED0C2A 		vstr.32	s5, [r0, #48]
 734 0062 87EEA12A 		vdiv.f32	s4, s15, s3
 735 0066 BDEC028B 		vldm	sp!, {d8}
 736 006a 80ED0B2A 		vstr.32	s4, [r0, #44]
 737 006e B7EEC33B 		vcvt.f32.f64	s6, d3
 738 0072 B7EEC31A 		vcvt.f64.f32	d1, s6
 739 0076 80ED073A 		vstr.32	s6, [r0, #28]
 740 007a 63EE277A 		vmul.f32	s15, s6, s15
ARM GAS  /tmp/ccKaCgQ0.s 			page 15


 741 007e 80ED083A 		vstr.32	s6, [r0, #32]
 742 0082 26EE016B 		vmul.f64	d6, d6, d1
 743 0086 FDEEE77A 		vcvt.s32.f32	s15, s15
 744 008a 25EE015B 		vmul.f64	d5, d5, d1
 745 008e 26EE016B 		vmul.f64	d6, d6, d1
 746 0092 F8EEE77A 		vcvt.f32.s32	s15, s15
 747 0096 84EE053B 		vdiv.f64	d3, d4, d5
 748 009a 67EE877A 		vmul.f32	s15, s15, s14
 749 009e C2EEA75A 		vdiv.f32	s11, s5, s15
 750 00a2 84EE067B 		vdiv.f64	d7, d4, d6
 751 00a6 C0ED0A5A 		vstr.32	s11, [r0, #40]
 752 00aa B7EEC33B 		vcvt.f32.f64	s6, d3
 753 00ae 80ED053A 		vstr.32	s6, [r0, #20]
 754 00b2 B7EEC77B 		vcvt.f32.f64	s14, d7
 755 00b6 80ED067A 		vstr.32	s14, [r0, #24]
 756 00ba 7047     		bx	lr
 757              	.L96:
 758              		.align	2
 759              	.L95:
 760 00bc 00000000 		.word	0
 761              		.size	setfreq, .-setfreq
 762              		.section	.text.setfreqq,"ax",%progbits
 763              		.align	1
 764              		.p2align 2,,3
 765              		.global	setfreqq
 766              		.syntax unified
 767              		.thumb
 768              		.thumb_func
 769              		.type	setfreqq, %function
 770              	setfreqq:
 771              		@ args = 0, pretend = 0, frame = 0
 772              		@ frame_needed = 0, uses_anonymous_args = 0
 773              		@ link register save eliminated.
 774 0000 07EE901A 		vmov	s15, r1	@ int
 775 0004 B7EE001B 		vmov.f64	d1, #1.0e+0
 776 0008 F7EE005A 		vmov.f32	s11, #1.0e+0
 777 000c 90ED045A 		vldr.32	s10, [r0, #16]
 778 0010 B8EEE73B 		vcvt.f64.s32	d3, s15
 779 0014 D0ED037A 		vldr.32	s15, [r0, #12]
 780 0018 B1EE006B 		vmov.f64	d6, #4.0e+0
 781 001c 4160     		str	r1, [r0, #4]
 782 001e 75EEE75A 		vsub.f32	s11, s11, s15
 783 0022 81EE034B 		vdiv.f64	d4, d1, d3
 784 0026 C0ED095A 		vstr.32	s11, [r0, #36]
 785 002a B7EEE57A 		vcvt.f64.f32	d7, s11
 786 002e B7EEC53A 		vcvt.f64.f32	d3, s10
 787 0032 B3EE0B2B 		vmov.f64	d2, #2.7e+1
 788 0036 27EE066B 		vmul.f64	d6, d7, d6
 789 003a 23EE022B 		vmul.f64	d2, d3, d2
 790 003e 26EE076B 		vmul.f64	d6, d6, d7
 791 0042 27EE067B 		vmul.f64	d7, d7, d6
 792 0046 B7EEC44B 		vcvt.f32.f64	s8, d4
 793 004a B7EEC43A 		vcvt.f64.f32	d3, s8
 794 004e 80ED074A 		vstr.32	s8, [r0, #28]
 795 0052 80ED084A 		vstr.32	s8, [r0, #32]
 796 0056 27EE037B 		vmul.f64	d7, d7, d3
 797 005a 26EE036B 		vmul.f64	d6, d6, d3
ARM GAS  /tmp/ccKaCgQ0.s 			page 16


 798 005e 27EE037B 		vmul.f64	d7, d7, d3
 799 0062 82EE064B 		vdiv.f64	d4, d2, d6
 800 0066 82EE076B 		vdiv.f64	d6, d2, d7
 801 006a B7EEC44B 		vcvt.f32.f64	s8, d4
 802 006e 80ED054A 		vstr.32	s8, [r0, #20]
 803 0072 B7EEC66B 		vcvt.f32.f64	s12, d6
 804 0076 80ED066A 		vstr.32	s12, [r0, #24]
 805 007a 7047     		bx	lr
 806              		.size	setfreqq, .-setfreqq
 807              		.section	.text.klglott88_init,"ax",%progbits
 808              		.align	1
 809              		.p2align 2,,3
 810              		.global	klglott88_init
 811              		.syntax unified
 812              		.thumb
 813              		.thumb_func
 814              		.type	klglott88_init, %function
 815              	klglott88_init:
 816              		@ args = 0, pretend = 0, frame = 0
 817              		@ frame_needed = 0, uses_anonymous_args = 0
 818              		@ link register save eliminated.
 819 0000 10B4     		push	{r4}
 820 0002 0C46     		mov	r4, r1
 821 0004 C0ED040A 		vstr.32	s1, [r0, #16]
 822 0008 1146     		mov	r1, r2
 823 000a 80ED030A 		vstr.32	s0, [r0, #12]
 824 000e 0460     		str	r4, [r0]
 825 0010 5DF8044B 		ldr	r4, [sp], #4
 826 0014 FFF7FEBF 		b	setfreq
 827              		.size	klglott88_init, .-klglott88_init
 828              		.section	.text.klg_get_sample,"ax",%progbits
 829              		.align	1
 830              		.p2align 2,,3
 831              		.global	klg_get_sample
 832              		.syntax unified
 833              		.thumb
 834              		.thumb_func
 835              		.type	klg_get_sample, %function
 836              	klg_get_sample:
 837              		@ args = 0, pretend = 0, frame = 0
 838              		@ frame_needed = 0, uses_anonymous_args = 0
 839              		@ link register save eliminated.
 840 0000 554B     		ldr	r3, .L110+8
 841 0002 B7EE003B 		vmov.f64	d3, #1.0e+0
 842 0006 9FED556A 		vldr.32	s12, .L110+12
 843 000a B3EE0B0B 		vmov.f64	d0, #2.7e+1
 844 000e D3ED007A 		vldr.32	s15, [r3]
 845 0012 B7EE007A 		vmov.f32	s14, #1.0e+0
 846 0016 DFED526A 		vldr.32	s13, .L110+16
 847 001a B1EE005B 		vmov.f64	d5, #4.0e+0
 848 001e 67EE867A 		vmul.f32	s15, s15, s12
 849 0022 504B     		ldr	r3, .L110+20
 850 0024 93ED044A 		vldr.32	s8, [r3, #16]
 851 0028 77EEA67A 		vadd.f32	s15, s15, s13
 852 002c 93ED036A 		vldr.32	s12, [r3, #12]
 853 0030 B7EEC44A 		vcvt.f64.f32	d4, s8
 854 0034 9968     		ldr	r1, [r3, #8]
ARM GAS  /tmp/ccKaCgQ0.s 			page 17


 855 0036 37EE467A 		vsub.f32	s14, s14, s12
 856 003a 93ED002A 		vldr.32	s4, [r3]	@ int
 857 003e FDEEE77A 		vcvt.s32.f32	s15, s15
 858 0042 06EE901A 		vmov	s13, r1	@ int
 859 0046 24EE004B 		vmul.f64	d4, d4, d0
 860 004a 17EE902A 		vmov	r2, s15	@ int
 861 004e F8EEE61A 		vcvt.f32.s32	s3, s13
 862 0052 12B2     		sxth	r2, r2
 863 0054 B7EEC76A 		vcvt.f64.f32	d6, s14
 864 0058 F8EEC22A 		vcvt.f32.s32	s5, s4
 865 005c 07EE902A 		vmov	s15, r2	@ int
 866 0060 26EE055B 		vmul.f64	d5, d6, d5
 867 0064 2DED028B 		vpush.64	{d8}
 868 0068 B8EEE78B 		vcvt.f64.s32	d8, s15
 869 006c 83ED097A 		vstr.32	s14, [r3, #36]
 870 0070 25EE065B 		vmul.f64	d5, d5, d6
 871 0074 5A60     		str	r2, [r3, #4]
 872 0076 83EE080B 		vdiv.f64	d0, d3, d8
 873 007a 26EE056B 		vmul.f64	d6, d6, d5
 874 007e F7EEC07B 		vcvt.f32.f64	s15, d0
 875 0082 B7EEE70A 		vcvt.f64.f32	d0, s15
 876 0086 C3ED077A 		vstr.32	s15, [r3, #28]
 877 008a 27EE877A 		vmul.f32	s14, s15, s14
 878 008e C3ED087A 		vstr.32	s15, [r3, #32]
 879 0092 26EE006B 		vmul.f64	d6, d6, d0
 880 0096 25EE003B 		vmul.f64	d3, d5, d0
 881 009a 26EE006B 		vmul.f64	d6, d6, d0
 882 009e 84EE035B 		vdiv.f64	d5, d4, d3
 883 00a2 84EE063B 		vdiv.f64	d3, d4, d6
 884 00a6 27EE227A 		vmul.f32	s14, s14, s5
 885 00aa F4EEC71A 		vcmpe.f32	s3, s14
 886 00ae F1EE10FA 		vmrs	APSR_nzcv, FPSCR
 887 00b2 B7EEC55B 		vcvt.f32.f64	s10, d5
 888 00b6 83ED055A 		vstr.32	s10, [r3, #20]
 889 00ba B7EEC33B 		vcvt.f32.f64	s6, d3
 890 00be 83ED063A 		vstr.32	s6, [r3, #24]
 891 00c2 40D5     		bpl	.L108
 892 00c4 B7EEC55A 		vcvt.f64.f32	d5, s10
 893 00c8 B7EEE16A 		vcvt.f64.f32	d6, s3
 894 00cc B8EEC24B 		vcvt.f64.s32	d4, s4
 895 00d0 93ED0B2A 		vldr.32	s4, [r3, #44]
 896 00d4 35EE055B 		vadd.f64	d5, d5, d5
 897 00d8 81EEA27A 		vdiv.f32	s14, s3, s5
 898 00dc D3ED0A1A 		vldr.32	s3, [r3, #40]
 899 00e0 25EE065B 		vmul.f64	d5, d5, d6
 900 00e4 B7EEC33A 		vcvt.f64.f32	d3, s6
 901 00e8 B0EE080B 		vmov.f64	d0, #3.0e+0
 902 00ec 85EE046B 		vdiv.f64	d6, d5, d4
 903 00f0 23EE003B 		vmul.f64	d3, d3, d0
 904 00f4 B7EEC75A 		vcvt.f64.f32	d5, s14
 905 00f8 9FED154B 		vldr.64	d4, .L110
 906 00fc 23EE053B 		vmul.f64	d3, d3, d5
 907 0100 03EE456B 		vmls.f64	d6, d3, d5
 908 0104 B7EEC66B 		vcvt.f32.f64	s12, d6
 909 0108 36EE617A 		vsub.f32	s14, s12, s3
 910 010c 87EE026A 		vdiv.f32	s12, s14, s4
 911 0110 B7EEC66A 		vcvt.f64.f32	d6, s12
ARM GAS  /tmp/ccKaCgQ0.s 			page 18


 912 0114 26EE046B 		vmul.f64	d6, d6, d4
 913 0118 BDEEC67B 		vcvt.s32.f64	s14, d6
 914 011c 17EE100A 		vmov	r0, s14	@ int
 915 0120 C000     		lsls	r0, r0, #3
 916 0122 00B2     		sxth	r0, r0
 917              	.L101:
 918 0124 0131     		adds	r1, r1, #1
 919 0126 62EEA72A 		vmul.f32	s5, s5, s15
 920 012a 07EE901A 		vmov	s15, r1	@ int
 921 012e F8EEE77A 		vcvt.f32.s32	s15, s15
 922 0132 F4EE627A 		vcmp.f32	s15, s5
 923 0136 F1EE10FA 		vmrs	APSR_nzcv, FPSCR
 924 013a A8BF     		it	ge
 925 013c 0021     		movge	r1, #0
 926 013e 9960     		str	r1, [r3, #8]
 927 0140 BDEC028B 		vldm	sp!, {d8}
 928 0144 7047     		bx	lr
 929              	.L108:
 930 0146 0020     		movs	r0, #0
 931 0148 ECE7     		b	.L101
 932              	.L111:
 933 014a 00BFAFF3 		.align	3
 933      0080
 934              	.L110:
 935 0150 00000000 		.word	0
 936 0154 0000E040 		.word	1088421888
 937 0158 00000000 		.word	_selz
 938 015c 00007A44 		.word	1148846080
 939 0160 0000C842 		.word	1120403456
 940 0164 00000000 		.word	glotty
 941              		.size	klg_get_sample, .-klg_get_sample
 942              		.section	.text.pulse_lf,"ax",%progbits
 943              		.align	1
 944              		.p2align 2,,3
 945              		.global	pulse_lf
 946              		.syntax unified
 947              		.thumb
 948              		.thumb_func
 949              		.type	pulse_lf, %function
 950              	pulse_lf:
 951              		@ args = 0, pretend = 0, frame = 8
 952              		@ frame_needed = 0, uses_anonymous_args = 0
 953 0000 81EE006B 		vdiv.f64	d6, d1, d0
 954 0004 9FED4C7B 		vldr.64	d7, .L126
 955 0008 30B5     		push	{r4, r5, lr}
 956 000a 20EE077B 		vmul.f64	d7, d0, d7
 957 000e 4E4D     		ldr	r5, .L126+16
 958 0010 2C68     		ldr	r4, [r5]
 959 0012 2DED0C8B 		vpush.64	{d8, d9, d10, d11, d12, d13}
 960 0016 002C     		cmp	r4, #0
 961 0018 B0EE408B 		vmov.f64	d8, d0
 962 001c BDEEC79B 		vcvt.s32.f64	s18, d7
 963 0020 83B0     		sub	sp, sp, #12
 964 0022 B6EE007B 		vmov.f64	d7, #5.0e-1
 965 0026 B0EE41AB 		vmov.f64	d10, d1
 966 002a B8EEC95B 		vcvt.f64.s32	d5, s18
 967 002e B0EE44CB 		vmov.f64	d12, d4
ARM GAS  /tmp/ccKaCgQ0.s 			page 19


 968 0032 06EE057B 		vmla.f64	d7, d6, d5
 969 0036 FDEEC77B 		vcvt.s32.f64	s15, d7
 970 003a 17EE903A 		vmov	r3, s15	@ int
 971 003e 01DB     		blt	.L113
 972 0040 9C42     		cmp	r4, r3
 973 0042 12DB     		blt	.L124
 974              	.L113:
 975 0044 19EE102A 		vmov	r2, s18	@ int
 976 0048 9442     		cmp	r4, r2
 977 004a 01DA     		bge	.L114
 978 004c 9C42     		cmp	r4, r3
 979 004e 3FDA     		bge	.L125
 980              	.L114:
 981 0050 19EE103A 		vmov	r3, s18	@ int
 982 0054 0134     		adds	r4, r4, #1
 983 0056 BDF90400 		ldrsh	r0, [sp, #4]
 984 005a 9C42     		cmp	r4, r3
 985 005c C8BF     		it	gt
 986 005e 0024     		movgt	r4, #0
 987 0060 2C60     		str	r4, [r5]
 988 0062 03B0     		add	sp, sp, #12
 989              		@ sp needed
 990 0064 BDEC0C8B 		vldm	sp!, {d8-d13}
 991 0068 30BD     		pop	{r4, r5, pc}
 992              	.L124:
 993 006a 07EE904A 		vmov	s15, r4	@ int
 994 006e B0EE43BB 		vmov.f64	d11, d3
 995 0072 B0EE42DB 		vmov.f64	d13, d2
 996 0076 B8EEE77B 		vcvt.f64.s32	d7, s15
 997 007a 87EE05CB 		vdiv.f64	d12, d7, d5
 998 007e 2CEE00CB 		vmul.f64	d12, d12, d0
 999 0082 2CEE020B 		vmul.f64	d0, d12, d2
 1000 0086 FFF7FEFF 		bl	exp
 1001 008a B0EE408B 		vmov.f64	d8, d0
 1002 008e 2CEE0B0B 		vmul.f64	d0, d12, d11
 1003 0092 FFF7FEFF 		bl	sin
 1004 0096 B0EE40CB 		vmov.f64	d12, d0
 1005 009a 2AEE0D0B 		vmul.f64	d0, d10, d13
 1006 009e FFF7FEFF 		bl	exp
 1007 00a2 28EE0C8B 		vmul.f64	d8, d8, d12
 1008 00a6 B0EE407B 		vmov.f64	d7, d0
 1009 00aa 2AEE0B0B 		vmul.f64	d0, d10, d11
 1010 00ae B0EE47AB 		vmov.f64	d10, d7
 1011 00b2 FFF7FEFF 		bl	sin
 1012 00b6 9FED226B 		vldr.64	d6, .L126+8
 1013 00ba 88EE0A5B 		vdiv.f64	d5, d8, d10
 1014 00be 85EE007B 		vdiv.f64	d7, d5, d0
 1015 00c2 27EE467B 		vnmul.f64	d7, d7, d6
 1016 00c6 FDEEC77B 		vcvt.s32.f64	s15, d7
 1017 00ca CDED017A 		vstr.32	s15, [sp, #4]	@ int
 1018 00ce BFE7     		b	.L114
 1019              	.L125:
 1020 00d0 07EE904A 		vmov	s15, r4	@ int
 1021 00d4 B0EE4A0B 		vmov.f64	d0, d10
 1022 00d8 B8EEE76B 		vcvt.f64.s32	d6, s15
 1023 00dc 86EE057B 		vdiv.f64	d7, d6, d5
 1024 00e0 17EE080B 		vnmls.f64	d0, d7, d8
ARM GAS  /tmp/ccKaCgQ0.s 			page 20


 1025 00e4 20EE4C0B 		vnmul.f64	d0, d0, d12
 1026 00e8 FFF7FEFF 		bl	exp
 1027 00ec 38EE4A8B 		vsub.f64	d8, d8, d10
 1028 00f0 B0EE40AB 		vmov.f64	d10, d0
 1029 00f4 28EE4C8B 		vnmul.f64	d8, d8, d12
 1030 00f8 B0EE480B 		vmov.f64	d0, d8
 1031 00fc FFF7FEFF 		bl	exp
 1032 0100 B0EE407B 		vmov.f64	d7, d0
 1033 0104 B0EE480B 		vmov.f64	d0, d8
 1034 0108 B0EE478B 		vmov.f64	d8, d7
 1035 010c FFF7FEFF 		bl	exp
 1036 0110 B7EE007B 		vmov.f64	d7, #1.0e+0
 1037 0114 3AEE48AB 		vsub.f64	d10, d10, d8
 1038 0118 37EE400B 		vsub.f64	d0, d7, d0
 1039 011c 9FED085B 		vldr.64	d5, .L126+8
 1040 0120 8AEE007B 		vdiv.f64	d7, d10, d0
 1041 0124 27EE457B 		vnmul.f64	d7, d7, d5
 1042 0128 FDEEC77B 		vcvt.s32.f64	s15, d7
 1043 012c CDED017A 		vstr.32	s15, [sp, #4]	@ int
 1044 0130 8EE7     		b	.L114
 1045              	.L127:
 1046 0132 00BFAFF3 		.align	3
 1046      0080
 1047              	.L126:
 1048 0138 00000000 		.word	0
 1049 013c 0040DF40 		.word	1088372736
 1050 0140 00000000 		.word	0
 1051 0144 0000E040 		.word	1088421888
 1052 0148 00000000 		.word	i.0
 1053              		.size	pulse_lf, .-pulse_lf
 1054              		.section	.text.lf_alpha,"ax",%progbits
 1055              		.align	1
 1056              		.p2align 2,,3
 1057              		.global	lf_alpha
 1058              		.syntax unified
 1059              		.thumb
 1060              		.thumb_func
 1061              		.type	lf_alpha, %function
 1062              	lf_alpha:
 1063              		@ args = 0, pretend = 0, frame = 24
 1064              		@ frame_needed = 0, uses_anonymous_args = 0
 1065 0000 9FED337B 		vldr.64	d7, .L132
 1066 0004 10B5     		push	{r4, lr}
 1067 0006 2DED108B 		vpush.64	{d8, d9, d10, d11, d12, d13, d14, d15}
 1068 000a 87EE00DB 		vdiv.f64	d13, d7, d0
 1069 000e 86B0     		sub	sp, sp, #24
 1070 0010 0524     		movs	r4, #5
 1071 0012 33EE417B 		vsub.f64	d7, d3, d1
 1072 0016 B0EE41BB 		vmov.f64	d11, d1
 1073 001a B0EE42EB 		vmov.f64	d14, d2
 1074 001e B7EE00CB 		vmov.f64	d12, #1.0e+0
 1075 0022 8DED007B 		vstr.64	d7, [sp]
 1076 0026 22EE477B 		vnmul.f64	d7, d2, d7
 1077 002a 9FED2B8B 		vldr.64	d8, .L132+8
 1078 002e 8DED027B 		vstr.64	d7, [sp, #8]
 1079 0032 2DEE01AB 		vmul.f64	d10, d13, d1
 1080 0036 2DEE0D7B 		vmul.f64	d7, d13, d13
ARM GAS  /tmp/ccKaCgQ0.s 			page 21


 1081 003a 8DED047B 		vstr.64	d7, [sp, #16]
 1082              	.L129:
 1083 003e 9DED020B 		vldr.64	d0, [sp, #8]
 1084 0042 FFF7FEFF 		bl	exp
 1085 0046 B0EE40FB 		vmov.f64	d15, d0
 1086 004a 2BEE080B 		vmul.f64	d0, d11, d8
 1087 004e FFF7FEFF 		bl	exp
 1088 0052 B0EE409B 		vmov.f64	d9, d0
 1089 0056 B0EE4A0B 		vmov.f64	d0, d10
 1090 005a FFF7FEFF 		bl	sin
 1091 005e B0EE407B 		vmov.f64	d7, d0
 1092 0062 B0EE4A0B 		vmov.f64	d0, d10
 1093 0066 29EE079B 		vmul.f64	d9, d9, d7
 1094 006a FFF7FEFF 		bl	tan
 1095 006e 013C     		subs	r4, r4, #1
 1096 0070 9DED007B 		vldr.64	d7, [sp]
 1097 0074 9DED042B 		vldr.64	d2, [sp, #16]
 1098 0078 8DEE094B 		vdiv.f64	d4, d13, d9
 1099 007c 27EE0F6B 		vmul.f64	d6, d7, d15
 1100 0080 8DEE007B 		vdiv.f64	d7, d13, d0
 1101 0084 3CEE4FFB 		vsub.f64	d15, d12, d15
 1102 0088 8AEE095B 		vdiv.f64	d5, d10, d9
 1103 008c 86EE0F3B 		vdiv.f64	d3, d6, d15
 1104 0090 8CEE0E6B 		vdiv.f64	d6, d12, d14
 1105 0094 08EE082B 		vmla.f64	d2, d8, d8
 1106 0098 38EE477B 		vsub.f64	d7, d8, d7
 1107 009c 37EE047B 		vadd.f64	d7, d7, d4
 1108 00a0 38EE084B 		vadd.f64	d4, d8, d8
 1109 00a4 3CEE455B 		vsub.f64	d5, d12, d5
 1110 00a8 33EE466B 		vsub.f64	d6, d3, d6
 1111 00ac 02EE467B 		vmls.f64	d7, d2, d6
 1112 00b0 04EE465B 		vmls.f64	d5, d4, d6
 1113 00b4 87EE056B 		vdiv.f64	d6, d7, d5
 1114 00b8 38EE468B 		vsub.f64	d8, d8, d6
 1115 00bc BFD1     		bne	.L129
 1116 00be B0EE480B 		vmov.f64	d0, d8
 1117 00c2 06B0     		add	sp, sp, #24
 1118              		@ sp needed
 1119 00c4 BDEC108B 		vldm	sp!, {d8-d15}
 1120 00c8 10BD     		pop	{r4, pc}
 1121              	.L133:
 1122 00ca 00BFAFF3 		.align	3
 1122      0080
 1123              	.L132:
 1124 00d0 EA2E4454 		.word	1413754602
 1125 00d4 FB210940 		.word	1074340347
 1126 00d8 00000000 		.word	0
 1127 00dc 00000000 		.word	0
 1128              		.size	lf_alpha, .-lf_alpha
 1129              		.section	.text.lf_epsilon,"ax",%progbits
 1130              		.align	1
 1131              		.p2align 2,,3
 1132              		.global	lf_epsilon
 1133              		.syntax unified
 1134              		.thumb
 1135              		.thumb_func
 1136              		.type	lf_epsilon, %function
ARM GAS  /tmp/ccKaCgQ0.s 			page 22


 1137              	lf_epsilon:
 1138              		@ args = 0, pretend = 0, frame = 0
 1139              		@ frame_needed = 0, uses_anonymous_args = 0
 1140 0000 10B5     		push	{r4, lr}
 1141 0002 2DED0C8B 		vpush.64	{d8, d9, d10, d11, d12, d13}
 1142 0006 B7EE009B 		vmov.f64	d9, #1.0e+0
 1143 000a 0524     		movs	r4, #5
 1144 000c B0EE41DB 		vmov.f64	d13, d1
 1145 0010 32EE40CB 		vsub.f64	d12, d2, d0
 1146 0014 89EE01AB 		vdiv.f64	d10, d9, d1
 1147              	.L135:
 1148 0018 2AEE4CBB 		vnmul.f64	d11, d10, d12
 1149 001c B0EE4B0B 		vmov.f64	d0, d11
 1150 0020 FFF7FEFF 		bl	exp
 1151 0024 B0EE408B 		vmov.f64	d8, d0
 1152 0028 B0EE4B0B 		vmov.f64	d0, d11
 1153 002c FFF7FEFF 		bl	exp
 1154 0030 B0EE4D6B 		vmov.f64	d6, d13
 1155 0034 39EE488B 		vsub.f64	d8, d9, d8
 1156 0038 013C     		subs	r4, r4, #1
 1157 003a 10EE0C6B 		vnmls.f64	d6, d0, d12
 1158 003e 0DEE4A8B 		vmls.f64	d8, d13, d10
 1159 0042 88EE067B 		vdiv.f64	d7, d8, d6
 1160 0046 3AEE47AB 		vsub.f64	d10, d10, d7
 1161 004a E5D1     		bne	.L135
 1162 004c B0EE4A0B 		vmov.f64	d0, d10
 1163 0050 BDEC0C8B 		vldm	sp!, {d8-d13}
 1164 0054 10BD     		pop	{r4, pc}
 1165              		.size	lf_epsilon, .-lf_epsilon
 1166 0056 00BF     		.section	.text.LF2_get_sample,"ax",%progbits
 1167              		.align	1
 1168              		.p2align 2,,3
 1169              		.global	LF2_get_sample
 1170              		.syntax unified
 1171              		.thumb
 1172              		.thumb_func
 1173              		.type	LF2_get_sample, %function
 1174              	LF2_get_sample:
 1175              		@ args = 0, pretend = 0, frame = 0
 1176              		@ frame_needed = 0, uses_anonymous_args = 0
 1177 0000 08B5     		push	{r3, lr}
 1178 0002 2B4B     		ldr	r3, .L140+40
 1179 0004 B7EE001B 		vmov.f64	d1, #1.0e+0
 1180 0008 93ED007A 		vldr.32	s14, [r3]
 1181 000c 9FED1E4B 		vldr.64	d4, .L140
 1182 0010 B7EEC77A 		vcvt.f64.f32	d7, s14
 1183 0014 2DED088B 		vpush.64	{d8, d9, d10, d11}
 1184 0018 27EE047B 		vmul.f64	d7, d7, d4
 1185 001c 9FED1C6B 		vldr.64	d6, .L140+8
 1186 0020 9FED1D5B 		vldr.64	d5, .L140+16
 1187 0024 81EE079B 		vdiv.f64	d9, d1, d7
 1188 0028 27EE057B 		vmul.f64	d7, d7, d5
 1189 002c 9FED1C8B 		vldr.64	d8, .L140+24
 1190 0030 81EE071B 		vdiv.f64	d1, d1, d7
 1191 0034 89EE06BB 		vdiv.f64	d11, d9, d6
 1192 0038 B0EE492B 		vmov.f64	d2, d9
 1193 003c 2BEE088B 		vmul.f64	d8, d11, d8
ARM GAS  /tmp/ccKaCgQ0.s 			page 23


 1194 0040 B0EE480B 		vmov.f64	d0, d8
 1195 0044 FFF7FEFF 		bl	lf_epsilon
 1196 0048 B0EE493B 		vmov.f64	d3, d9
 1197 004c B0EE40AB 		vmov.f64	d10, d0
 1198 0050 B0EE402B 		vmov.f64	d2, d0
 1199 0054 B0EE481B 		vmov.f64	d1, d8
 1200 0058 B0EE4B0B 		vmov.f64	d0, d11
 1201 005c FFF7FEFF 		bl	lf_alpha
 1202 0060 B0EE4A4B 		vmov.f64	d4, d10
 1203 0064 B0EE402B 		vmov.f64	d2, d0
 1204 0068 B0EE481B 		vmov.f64	d1, d8
 1205 006c B0EE490B 		vmov.f64	d0, d9
 1206 0070 9FED0D3B 		vldr.64	d3, .L140+32
 1207 0074 83EE0B3B 		vdiv.f64	d3, d3, d11
 1208 0078 BDEC088B 		vldm	sp!, {d8-d11}
 1209 007c BDE80840 		pop	{r3, lr}
 1210 0080 FFF7FEBF 		b	pulse_lf
 1211              	.L141:
 1212 0084 AFF30080 		.align	3
 1213              	.L140:
 1214 0088 00000000 		.word	0
 1215 008c 00007940 		.word	1081671680
 1216 0090 33333333 		.word	858993459
 1217 0094 33330340 		.word	1073951539
 1218 0098 EA2E4454 		.word	1413754602
 1219 009c FB211940 		.word	1075388923
 1220 00a0 66666666 		.word	1717986918
 1221 00a4 6666FE3F 		.word	1073636966
 1222 00a8 EA2E4454 		.word	1413754602
 1223 00ac FB210940 		.word	1074340347
 1224 00b0 00000000 		.word	_selz
 1225              		.size	LF2_get_sample, .-LF2_get_sample
 1226              		.section	.bss.i.0,"aw",%nobits
 1227              		.align	2
 1228              		.type	i.0, %object
 1229              		.size	i.0, 4
 1230              	i.0:
 1231 0000 00000000 		.space	4
 1232              		.section	.bss.xx.1,"aw",%nobits
 1233              		.align	1
 1234              		.type	xx.1, %object
 1235              		.size	xx.1, 2
 1236              	xx.1:
 1237 0000 0000     		.space	2
 1238              		.section	.bss.count.2,"aw",%nobits
 1239              		.align	1
 1240              		.type	count.2, %object
 1241              		.size	count.2, 2
 1242              	count.2:
 1243 0000 0000     		.space	2
 1244              		.global	glotty
 1245              		.section	.bss.glotty,"aw",%nobits
 1246              		.align	2
 1247              		.type	glotty, %object
 1248              		.size	glotty, 52
 1249              	glotty:
 1250 0000 00000000 		.space	52
ARM GAS  /tmp/ccKaCgQ0.s 			page 24


 1250      00000000 
 1250      00000000 
 1250      00000000 
 1250      00000000 
 1251              		.global	shimm
 1252              		.section	.bss.shimm,"aw",%nobits
 1253              		.align	3
 1254              		.type	shimm, %object
 1255              		.size	shimm, 4068
 1256              	shimm:
 1257 0000 00000000 		.space	4068
 1257      00000000 
 1257      00000000 
 1257      00000000 
 1257      00000000 
 1258              		.global	parry
 1259              		.section	.data.parry,"aw"
 1260              		.align	2
 1261              		.type	parry, %object
 1262              		.size	parry, 52
 1263              	parry:
 1264 0000 0000803F 		.word	1065353216
 1265 0004 00002841 		.word	1093140480
 1266 0008 CDCC0C3F 		.word	1057803469
 1267 000c 6666263F 		.word	1059481190
 1268 0010 0000FA42 		.word	1123680256
 1269 0014 0000C842 		.word	1120403456
 1270 0018 00000000 		.word	0
 1271 001c 00000000 		.word	0
 1272 0020 401F0000 		.word	8000
 1273 0024 E02E0000 		.word	12000
 1274 0028 00000000 		.word	0
 1275 002c 0000003F 		.word	1056964608
 1276 0030 00002841 		.word	1093140480
 1277              		.ident	"GCC: (Arm GNU Toolchain 13.2.rel1 (Build arm-13.7)) 13.2.1 20231009"
ARM GAS  /tmp/ccKaCgQ0.s 			page 25


DEFINED SYMBOLS
                            *ABS*:00000000 lfgen2.c
     /tmp/ccKaCgQ0.s:17     .text.truncate:00000000 $t
     /tmp/ccKaCgQ0.s:24     .text.truncate:00000000 truncate
     /tmp/ccKaCgQ0.s:51     .text.truncate:0000003c $d
     /tmp/ccKaCgQ0.s:56     .text.shimmer_init:00000000 $t
     /tmp/ccKaCgQ0.s:63     .text.shimmer_init:00000000 shimmer_init
     /tmp/ccKaCgQ0.s:77     .text.do_shimmer:00000000 $t
     /tmp/ccKaCgQ0.s:84     .text.do_shimmer:00000000 do_shimmer
     /tmp/ccKaCgQ0.s:295    .text.do_shimmer:000002d8 $d
     /tmp/ccKaCgQ0.s:312    .text.do_shimmer:00000318 $t
     /tmp/ccKaCgQ0.s:562    .text.do_shimmer:000005f8 $d
     /tmp/ccKaCgQ0.s:569    .text.shimmer_get_sample:00000000 $t
     /tmp/ccKaCgQ0.s:576    .text.shimmer_get_sample:00000000 shimmer_get_sample
     /tmp/ccKaCgQ0.s:621    .text.shimmer_get_sample:00000068 $d
     /tmp/ccKaCgQ0.s:1242   .bss.count.2:00000000 count.2
     /tmp/ccKaCgQ0.s:1256   .bss.shimm:00000000 shimm
     /tmp/ccKaCgQ0.s:1236   .bss.xx.1:00000000 xx.1
     /tmp/ccKaCgQ0.s:1263   .data.parry:00000000 parry
     /tmp/ccKaCgQ0.s:634    .text.doklglott:00000000 $t
     /tmp/ccKaCgQ0.s:641    .text.doklglott:00000000 doklglott
     /tmp/ccKaCgQ0.s:694    .text.doklglott:000000a0 $d
     /tmp/ccKaCgQ0.s:697    .text.setfreq:00000000 $t
     /tmp/ccKaCgQ0.s:704    .text.setfreq:00000000 setfreq
     /tmp/ccKaCgQ0.s:760    .text.setfreq:000000bc $d
     /tmp/ccKaCgQ0.s:763    .text.setfreqq:00000000 $t
     /tmp/ccKaCgQ0.s:770    .text.setfreqq:00000000 setfreqq
     /tmp/ccKaCgQ0.s:808    .text.klglott88_init:00000000 $t
     /tmp/ccKaCgQ0.s:815    .text.klglott88_init:00000000 klglott88_init
     /tmp/ccKaCgQ0.s:829    .text.klg_get_sample:00000000 $t
     /tmp/ccKaCgQ0.s:836    .text.klg_get_sample:00000000 klg_get_sample
     /tmp/ccKaCgQ0.s:935    .text.klg_get_sample:00000150 $d
     /tmp/ccKaCgQ0.s:1249   .bss.glotty:00000000 glotty
     /tmp/ccKaCgQ0.s:943    .text.pulse_lf:00000000 $t
     /tmp/ccKaCgQ0.s:950    .text.pulse_lf:00000000 pulse_lf
     /tmp/ccKaCgQ0.s:1048   .text.pulse_lf:00000138 $d
     /tmp/ccKaCgQ0.s:1230   .bss.i.0:00000000 i.0
     /tmp/ccKaCgQ0.s:1055   .text.lf_alpha:00000000 $t
     /tmp/ccKaCgQ0.s:1062   .text.lf_alpha:00000000 lf_alpha
     /tmp/ccKaCgQ0.s:1124   .text.lf_alpha:000000d0 $d
     /tmp/ccKaCgQ0.s:1130   .text.lf_epsilon:00000000 $t
     /tmp/ccKaCgQ0.s:1137   .text.lf_epsilon:00000000 lf_epsilon
     /tmp/ccKaCgQ0.s:1167   .text.LF2_get_sample:00000000 $t
     /tmp/ccKaCgQ0.s:1174   .text.LF2_get_sample:00000000 LF2_get_sample
     /tmp/ccKaCgQ0.s:1214   .text.LF2_get_sample:00000088 $d
     /tmp/ccKaCgQ0.s:1227   .bss.i.0:00000000 $d
     /tmp/ccKaCgQ0.s:1233   .bss.xx.1:00000000 $d
     /tmp/ccKaCgQ0.s:1239   .bss.count.2:00000000 $d
     /tmp/ccKaCgQ0.s:1246   .bss.glotty:00000000 $d
     /tmp/ccKaCgQ0.s:1253   .bss.shimm:00000000 $d
     /tmp/ccKaCgQ0.s:1260   .data.parry:00000000 $d

UNDEFINED SYMBOLS
rand
cos
sqrt
_selz
ARM GAS  /tmp/ccKaCgQ0.s 			page 26


exp
sin
tan
