ARM GAS  /tmp/ccZhKMNj.s 			page 1


 GNU assembler version 2.41.0 (arm-none-eabi)
	 using BFD version (Arm GNU Toolchain 13.2.rel1 (Build arm-13.7)) 2.41.0.20231009.
 options passed	: -I -I -I -I -I -I -I -EL -march=armv7e-m+fp.dp -mfloat-abi=hard -mfpu=fpv5-d16 -meabi=5 -aghlms=src/resources.lst 
 input file    	: /tmp/ccZhKMNj.s
 output file   	: src/resources.o
 target        	: arm-none-eabi
 time stamp    	: 2025-03-08T13:35:57.000+0100

ARM GAS  /tmp/ccZhKMNj.s 			page 2


   1              		.cpu cortex-m7
   2              		.arch armv7e-m
   3              		.fpu fpv5-d16
   4              		.eabi_attribute 28, 1
   5              		.eabi_attribute 20, 1
   6              		.eabi_attribute 21, 1
   7              		.eabi_attribute 23, 3
   8              		.eabi_attribute 24, 1
   9              		.eabi_attribute 25, 1
  10              		.eabi_attribute 26, 1
  11              		.eabi_attribute 30, 2
  12              		.eabi_attribute 34, 1
  13              		.eabi_attribute 18, 4
  14              		.file	"resources.c"
  15              		.text
  16              		.global	mapytoascii
  17              		.section	.flash,"a"
  18              		.align	2
  19              		.type	mapytoascii, %object
  20              		.size	mapytoascii, 64
  21              	mapytoascii:
  22 0000 20203031 		.ascii	"  0123456789ABCDEFGHIJKLMNOPQRSTUVWXYZabcdefghijklm"
  22      32333435 
  22      36373839 
  22      41424344 
  22      45464748 
  23 0033 6E6F7071 		.ascii	"nopqrstuvwxyz"
  23      72737475 
  23      76777879 
  23      7A
  24              		.global	logpitch
  25              		.align	2
  26              		.type	logpitch, %object
  27              		.size	logpitch, 512
  28              	logpitch:
  29 0040 0000003E 		.word	1040187392
  30 0044 7E8A033E 		.word	1040419454
  31 0048 272E073E 		.word	1040657959
  32 004c 81EB0A3E 		.word	1040903041
  33 0050 54C30E3E 		.word	1041154900
  34 0054 6BB6123E 		.word	1041413739
  35 0058 8FC5163E 		.word	1041679759
  36 005c 45F11A3E 		.word	1041953093
  37 0060 9B3A1F3E 		.word	1042234011
  38 0064 59A2233E 		.word	1042522713
  39 0068 4A29283E 		.word	1042819402
  40 006c 35D02C3E 		.word	1043124277
  41 0070 2998313E 		.word	1043437609
  42 0074 ED81363E 		.word	1043759597
  43 0078 8F8E3B3E 		.word	1044090511
  44 007c D7BE403E 		.word	1044430551
  45 0080 D313463E 		.word	1044779987
  46 0084 8F8E4B3E 		.word	1045139087
  47 0088 5930513E 		.word	1045508185
  48 008c BAF9563E 		.word	1045887418
  49 0090 42EC5C3E 		.word	1046277186
  50 0094 FF08633E 		.word	1046677759
ARM GAS  /tmp/ccZhKMNj.s 			page 3


  51 0098 FC50693E 		.word	1047089404
  52 009c 48C56F3E 		.word	1047512392
  53 00a0 7367763E 		.word	1047947123
  54 00a4 8B387D3E 		.word	1048393867
  55 00a8 EF1C823E 		.word	1048714479
  56 00ac 80B6853E 		.word	1048950400
  57 00b0 5E69893E 		.word	1049192798
  58 00b4 93368D3E 		.word	1049441939
  59 00b8 A81E913E 		.word	1049697960
  60 00bc 8522953E 		.word	1049961093
  61 00c0 B342993E 		.word	1050231475
  62 00c4 1B809D3E 		.word	1050509339
  63 00c8 87DBA13E 		.word	1050794887
  64 00cc E355A63E 		.word	1051088355
  65 00d0 F6EFAA3E 		.word	1051389942
  66 00d4 8BAAAF3E 		.word	1051699851
  67 00d8 AD86B43E 		.word	1052018349
  68 00dc 2785B93E 		.word	1052345639
  69 00e0 26A7BE3E 		.word	1052682022
  70 00e4 52EDC33E 		.word	1053027666
  71 00e8 FB58C93E 		.word	1053382907
  72 00ec EAEACE3E 		.word	1053747946
  73 00f0 6EA4D43E 		.word	1054123118
  74 00f4 5186DA3E 		.word	1054508625
  75 00f8 0492E03E 		.word	1054904836
  76 00fc 71C8E63E 		.word	1055311985
  77 0100 E92AED3E 		.word	1055730409
  78 0104 99BAF33E 		.word	1056160409
  79 0108 D178FA3E 		.word	1056602321
  80 010c 4EB3003F 		.word	1057010510
  81 0110 D942043F 		.word	1057243865
  82 0114 8EEB073F 		.word	1057483662
  83 0118 25AE0B3F 		.word	1057730085
  84 011c 698B0F3F 		.word	1057983337
  85 0120 0284133F 		.word	1058243586
  86 0124 C898173F 		.word	1058511048
  87 0128 64CA1B3F 		.word	1058785892
  88 012c C119203F 		.word	1059068353
  89 0130 9887243F 		.word	1059358616
  90 0134 E414293F 		.word	1059656932
  91 0138 5DC22D3F 		.word	1059963485
  92 013c EF90323F 		.word	1060278511
  93 0140 9581373F 		.word	1060602261
  94 0144 3A953C3F 		.word	1060934970
  95 0148 C9CC413F 		.word	1061276873
  96 014c 5F29473F 		.word	1061628255
  97 0150 D6AB4C3F 		.word	1061989334
  98 0154 6D55523F 		.word	1062360429
  99 0158 0F27583F 		.word	1062741775
 100 015c D9215E3F 		.word	1063133657
 101 0160 0B47643F 		.word	1063536395
 102 0164 D0976A3F 		.word	1063950288
 103 0168 3815713F 		.word	1064375608
 104 016c A0C0773F 		.word	1064812704
 105 0170 4A9B7E3F 		.word	1065261898
 106 0174 39D3823F 		.word	1065538361
 107 0178 C571863F 		.word	1065775557
ARM GAS  /tmp/ccZhKMNj.s 			page 4


 108 017c F1298A3F 		.word	1066019313
 109 0180 76FC8D3F 		.word	1066269814
 110 0184 0CEA913F 		.word	1066527244
 111 0188 6BF3953F 		.word	1066791787
 112 018c 6E199A3F 		.word	1067063662
 113 0190 CD5C9E3F 		.word	1067343053
 114 0194 59BEA23F 		.word	1067630169
 115 0198 EE3EA73F 		.word	1067925230
 116 019c 6EDFAB3F 		.word	1068228462
 117 01a0 A9A0B03F 		.word	1068540073
 118 01a4 9483B53F 		.word	1068860308
 119 01a8 1A89BA3F 		.word	1069189402
 120 01ac 35B2BF3F 		.word	1069527605
 121 01b0 DAFFC43F 		.word	1069875162
 122 01b4 0C73CA3F 		.word	1070232332
 123 01b8 D80CD03F 		.word	1070599384
 124 01bc 4ACED53F 		.word	1070976586
 125 01c0 88B8DB3F 		.word	1071364232
 126 01c4 A7CCE13F 		.word	1071762599
 127 01c8 CC0BE83F 		.word	1072171980
 128 01cc 3677EE3F 		.word	1072592694
 129 01d0 1310F53F 		.word	1073025043
 130 01d4 B2D7FB3F 		.word	1073469362
 131 01d8 A5670140 		.word	1073833893
 132 01dc 1EFC0440 		.word	1074068510
 133 01e0 F4A90840 		.word	1074309620
 134 01e4 D6710C40 		.word	1074557398
 135 01e8 82541040 		.word	1074812034
 136 01ec B1521440 		.word	1075073713
 137 01f0 266D1840 		.word	1075342630
 138 01f4 A9A41C40 		.word	1075618985
 139 01f8 0DFA2040 		.word	1075902989
 140 01fc 226E2540 		.word	1076194850
 141 0200 C1012A40 		.word	1076494785
 142 0204 C8B52E40 		.word	1076803016
 143 0208 1E8B3340 		.word	1077119774
 144 020c AE823840 		.word	1077445294
 145 0210 6F9D3D40 		.word	1077779823
 146 0214 55DC4240 		.word	1078123605
 147 0218 64404840 		.word	1078476900
 148 021c 9FCA4D40 		.word	1078839967
 149 0220 137C5340 		.word	1079213075
 150 0224 DE555940 		.word	1079596510
 151 0228 19595F40 		.word	1079990553
 152 022c E4866540 		.word	1080395492
 153 0230 76E06B40 		.word	1080811638
 154 0234 02677240 		.word	1081239298
 155 0238 C11B7940 		.word	1081678785
 156 023c 00008040 		.word	1082130432
 157              		.global	logspeed
 158              		.align	2
 159              		.type	logspeed, %object
 160              		.size	logspeed, 4096
 161              	logspeed:
 162 0240 0000003D 		.word	1023410176
 163 0244 336F003D 		.word	1023438643
 164 0248 C7DE003D 		.word	1023467207
ARM GAS  /tmp/ccZhKMNj.s 			page 5


 165 024c BC4E013D 		.word	1023495868
 166 0250 12BF013D 		.word	1023524626
 167 0254 CA2F023D 		.word	1023553482
 168 0258 E3A0023D 		.word	1023582435
 169 025c 5F12033D 		.word	1023611487
 170 0260 3D84033D 		.word	1023640637
 171 0264 7FF6033D 		.word	1023669887
 172 0268 2369043D 		.word	1023699235
 173 026c 2CDC043D 		.word	1023728684
 174 0270 984F053D 		.word	1023758232
 175 0274 68C3053D 		.word	1023787880
 176 0278 9D37063D 		.word	1023817629
 177 027c 37AC063D 		.word	1023847479
 178 0280 3621073D 		.word	1023877430
 179 0284 9B96073D 		.word	1023907483
 180 0288 660C083D 		.word	1023937638
 181 028c 9782083D 		.word	1023967895
 182 0290 2FF9083D 		.word	1023998255
 183 0294 2E70093D 		.word	1024028718
 184 0298 95E7093D 		.word	1024059285
 185 029c 635F0A3D 		.word	1024089955
 186 02a0 99D70A3D 		.word	1024120729
 187 02a4 37500B3D 		.word	1024151607
 188 02a8 3FC90B3D 		.word	1024182591
 189 02ac AF420C3D 		.word	1024213679
 190 02b0 89BC0C3D 		.word	1024244873
 191 02b4 CD360D3D 		.word	1024276173
 192 02b8 7BB10D3D 		.word	1024307579
 193 02bc 942C0E3D 		.word	1024339092
 194 02c0 17A80E3D 		.word	1024370711
 195 02c4 06240F3D 		.word	1024402438
 196 02c8 61A00F3D 		.word	1024434273
 197 02cc 271D103D 		.word	1024466215
 198 02d0 5A9A103D 		.word	1024498266
 199 02d4 FA17113D 		.word	1024530426
 200 02d8 0796113D 		.word	1024562695
 201 02dc 8114123D 		.word	1024595073
 202 02e0 6A93123D 		.word	1024627562
 203 02e4 C012133D 		.word	1024660160
 204 02e8 8592133D 		.word	1024692869
 205 02ec B912143D 		.word	1024725689
 206 02f0 5D93143D 		.word	1024758621
 207 02f4 7014153D 		.word	1024791664
 208 02f8 F495153D 		.word	1024824820
 209 02fc E817163D 		.word	1024858088
 210 0300 4C9A163D 		.word	1024891468
 211 0304 231D173D 		.word	1024924963
 212 0308 6AA0173D 		.word	1024958570
 213 030c 2424183D 		.word	1024992292
 214 0310 50A8183D 		.word	1025026128
 215 0314 F02C193D 		.word	1025060080
 216 0318 02B2193D 		.word	1025094146
 217 031c 88371A3D 		.word	1025128328
 218 0320 82BD1A3D 		.word	1025162626
 219 0324 F0431B3D 		.word	1025197040
 220 0328 D3CA1B3D 		.word	1025231571
 221 032c 2B521C3D 		.word	1025266219
ARM GAS  /tmp/ccZhKMNj.s 			page 6


 222 0330 F9D91C3D 		.word	1025300985
 223 0334 3D621D3D 		.word	1025335869
 224 0338 F7EA1D3D 		.word	1025370871
 225 033c 28741E3D 		.word	1025405992
 226 0340 D0FD1E3D 		.word	1025441232
 227 0344 F0871F3D 		.word	1025476592
 228 0348 8812203D 		.word	1025512072
 229 034c 989D203D 		.word	1025547672
 230 0350 2129213D 		.word	1025583393
 231 0354 23B5213D 		.word	1025619235
 232 0358 9F41223D 		.word	1025655199
 233 035c 95CE223D 		.word	1025691285
 234 0360 055C233D 		.word	1025727493
 235 0364 F1E9233D 		.word	1025763825
 236 0368 5778243D 		.word	1025800279
 237 036c 3907253D 		.word	1025836857
 238 0370 9896253D 		.word	1025873560
 239 0374 7326263D 		.word	1025910387
 240 0378 CAB6263D 		.word	1025947338
 241 037c A047273D 		.word	1025984416
 242 0380 F3D8273D 		.word	1026021619
 243 0384 C46A283D 		.word	1026058948
 244 0388 14FD283D 		.word	1026096404
 245 038c E38F293D 		.word	1026133987
 246 0390 32232A3D 		.word	1026171698
 247 0394 01B72A3D 		.word	1026209537
 248 0398 504B2B3D 		.word	1026247504
 249 039c 20E02B3D 		.word	1026285600
 250 03a0 71752C3D 		.word	1026323825
 251 03a4 440B2D3D 		.word	1026362180
 252 03a8 99A12D3D 		.word	1026400665
 253 03ac 70382E3D 		.word	1026439280
 254 03b0 CBCF2E3D 		.word	1026478027
 255 03b4 A9672F3D 		.word	1026516905
 256 03b8 0B00303D 		.word	1026555915
 257 03bc F298303D 		.word	1026595058
 258 03c0 5D32313D 		.word	1026634333
 259 03c4 4ECC313D 		.word	1026673742
 260 03c8 C466323D 		.word	1026713284
 261 03cc C101333D 		.word	1026752961
 262 03d0 449D333D 		.word	1026792772
 263 03d4 4E39343D 		.word	1026832718
 264 03d8 E0D5343D 		.word	1026872800
 265 03dc FA72353D 		.word	1026913018
 266 03e0 9C10363D 		.word	1026953372
 267 03e4 C8AE363D 		.word	1026993864
 268 03e8 7C4D373D 		.word	1027034492
 269 03ec BBEC373D 		.word	1027075259
 270 03f0 848C383D 		.word	1027116164
 271 03f4 D82C393D 		.word	1027157208
 272 03f8 B7CD393D 		.word	1027198391
 273 03fc 226F3A3D 		.word	1027239714
 274 0400 19113B3D 		.word	1027281177
 275 0404 9CB33B3D 		.word	1027322780
 276 0408 AD563C3D 		.word	1027364525
 277 040c 4CFA3C3D 		.word	1027406412
 278 0410 799E3D3D 		.word	1027448441
ARM GAS  /tmp/ccZhKMNj.s 			page 7


 279 0414 34433E3D 		.word	1027490612
 280 0418 7EE83E3D 		.word	1027532926
 281 041c 588E3F3D 		.word	1027575384
 282 0420 C334403D 		.word	1027617987
 283 0424 BDDB403D 		.word	1027660733
 284 0428 4983413D 		.word	1027703625
 285 042c 662B423D 		.word	1027746662
 286 0430 16D4423D 		.word	1027789846
 287 0434 587D433D 		.word	1027833176
 288 0438 2D27443D 		.word	1027876653
 289 043c 95D1443D 		.word	1027920277
 290 0440 927C453D 		.word	1027964050
 291 0444 2328463D 		.word	1028007971
 292 0448 49D4463D 		.word	1028052041
 293 044c 0581473D 		.word	1028096261
 294 0450 562E483D 		.word	1028140630
 295 0454 3FDC483D 		.word	1028185151
 296 0458 BE8A493D 		.word	1028229822
 297 045c D5394A3D 		.word	1028274645
 298 0460 84E94A3D 		.word	1028319620
 299 0464 CC994B3D 		.word	1028364748
 300 0468 AD4A4C3D 		.word	1028410029
 301 046c 28FC4C3D 		.word	1028455464
 302 0470 3CAE4D3D 		.word	1028501052
 303 0474 EC604E3D 		.word	1028546796
 304 0478 37144F3D 		.word	1028592695
 305 047c 1DC84F3D 		.word	1028638749
 306 0480 A07C503D 		.word	1028684960
 307 0484 BF31513D 		.word	1028731327
 308 0488 7CE7513D 		.word	1028777852
 309 048c D79D523D 		.word	1028824535
 310 0490 D054533D 		.word	1028871376
 311 0494 680C543D 		.word	1028918376
 312 0498 A0C4543D 		.word	1028965536
 313 049c 787D553D 		.word	1029012856
 314 04a0 F036563D 		.word	1029060336
 315 04a4 09F1563D 		.word	1029107977
 316 04a8 C5AB573D 		.word	1029155781
 317 04ac 2267583D 		.word	1029203746
 318 04b0 2223593D 		.word	1029251874
 319 04b4 C5DF593D 		.word	1029300165
 320 04b8 0D9D5A3D 		.word	1029348621
 321 04bc F85A5B3D 		.word	1029397240
 322 04c0 89195C3D 		.word	1029446025
 323 04c4 BFD85C3D 		.word	1029494975
 324 04c8 9C985D3D 		.word	1029544092
 325 04cc 1F595E3D 		.word	1029593375
 326 04d0 491A5F3D 		.word	1029642825
 327 04d4 1BDC5F3D 		.word	1029692443
 328 04d8 969E603D 		.word	1029742230
 329 04dc B961613D 		.word	1029792185
 330 04e0 8625623D 		.word	1029842310
 331 04e4 FDE9623D 		.word	1029892605
 332 04e8 1FAF633D 		.word	1029943071
 333 04ec EC74643D 		.word	1029993708
 334 04f0 653B653D 		.word	1030044517
 335 04f4 8A02663D 		.word	1030095498
ARM GAS  /tmp/ccZhKMNj.s 			page 8


 336 04f8 5DCA663D 		.word	1030146653
 337 04fc DD92673D 		.word	1030197981
 338 0500 0B5C683D 		.word	1030249483
 339 0504 E825693D 		.word	1030301160
 340 0508 74F0693D 		.word	1030353012
 341 050c B0BB6A3D 		.word	1030405040
 342 0510 9D876B3D 		.word	1030457245
 343 0514 3B546C3D 		.word	1030509627
 344 0518 8A216D3D 		.word	1030562186
 345 051c 8CEF6D3D 		.word	1030614924
 346 0520 41BE6E3D 		.word	1030667841
 347 0524 AA8D6F3D 		.word	1030720938
 348 0528 C75D703D 		.word	1030774215
 349 052c 982E713D 		.word	1030827672
 350 0530 1F00723D 		.word	1030881311
 351 0534 5CD2723D 		.word	1030935132
 352 0538 50A5733D 		.word	1030989136
 353 053c FB78743D 		.word	1031043323
 354 0540 5E4D753D 		.word	1031097694
 355 0544 7922763D 		.word	1031152249
 356 0548 4DF8763D 		.word	1031206989
 357 054c DCCE773D 		.word	1031261916
 358 0550 24A6783D 		.word	1031317028
 359 0554 287E793D 		.word	1031372328
 360 0558 E7567A3D 		.word	1031427815
 361 055c 63307B3D 		.word	1031483491
 362 0560 9B0A7C3D 		.word	1031539355
 363 0564 91E57C3D 		.word	1031595409
 364 0568 46C17D3D 		.word	1031651654
 365 056c B99D7E3D 		.word	1031708089
 366 0570 EC7A7F3D 		.word	1031764716
 367 0574 6F2C803D 		.word	1031810159
 368 0578 C99B803D 		.word	1031838665
 369 057c 840B813D 		.word	1031867268
 370 0580 9F7B813D 		.word	1031895967
 371 0584 1CEC813D 		.word	1031924764
 372 0588 FB5C823D 		.word	1031953659
 373 058c 3CCE823D 		.word	1031982652
 374 0590 DF3F833D 		.word	1032011743
 375 0594 E5B1833D 		.word	1032040933
 376 0598 4E24843D 		.word	1032070222
 377 059c 1B97843D 		.word	1032099611
 378 05a0 4B0A853D 		.word	1032129099
 379 05a4 DF7D853D 		.word	1032158687
 380 05a8 D8F1853D 		.word	1032188376
 381 05ac 3566863D 		.word	1032218165
 382 05b0 F7DA863D 		.word	1032248055
 383 05b4 1F50873D 		.word	1032278047
 384 05b8 ADC5873D 		.word	1032308141
 385 05bc A13B883D 		.word	1032338337
 386 05c0 FBB1883D 		.word	1032368635
 387 05c4 BC28893D 		.word	1032399036
 388 05c8 E49F893D 		.word	1032429540
 389 05cc 74178A3D 		.word	1032460148
 390 05d0 6C8F8A3D 		.word	1032490860
 391 05d4 CC078B3D 		.word	1032521676
 392 05d8 94808B3D 		.word	1032552596
ARM GAS  /tmp/ccZhKMNj.s 			page 9


 393 05dc C5F98B3D 		.word	1032583621
 394 05e0 60738C3D 		.word	1032614752
 395 05e4 64ED8C3D 		.word	1032645988
 396 05e8 D3678D3D 		.word	1032677331
 397 05ec ABE28D3D 		.word	1032708779
 398 05f0 EF5D8E3D 		.word	1032740335
 399 05f4 9DD98E3D 		.word	1032771997
 400 05f8 B7558F3D 		.word	1032803767
 401 05fc 3DD28F3D 		.word	1032835645
 402 0600 2F4F903D 		.word	1032867631
 403 0604 8DCC903D 		.word	1032899725
 404 0608 594A913D 		.word	1032931929
 405 060c 91C8913D 		.word	1032964241
 406 0610 3747923D 		.word	1032996663
 407 0614 4CC6923D 		.word	1033029196
 408 0618 CF45933D 		.word	1033061839
 409 061c C0C5933D 		.word	1033094592
 410 0620 2146943D 		.word	1033127457
 411 0624 F1C6943D 		.word	1033160433
 412 0628 3148953D 		.word	1033193521
 413 062c E1C9953D 		.word	1033226721
 414 0630 024C963D 		.word	1033260034
 415 0634 94CE963D 		.word	1033293460
 416 0638 9851973D 		.word	1033327000
 417 063c 0DD5973D 		.word	1033360653
 418 0640 F558983D 		.word	1033394421
 419 0644 4FDD983D 		.word	1033428303
 420 0648 1C62993D 		.word	1033462300
 421 064c 5DE7993D 		.word	1033496413
 422 0650 116D9A3D 		.word	1033530641
 423 0654 39F39A3D 		.word	1033564985
 424 0658 D6799B3D 		.word	1033599446
 425 065c E8009C3D 		.word	1033634024
 426 0660 70889C3D 		.word	1033668720
 427 0664 6D109D3D 		.word	1033703533
 428 0668 E0989D3D 		.word	1033738464
 429 066c C9219E3D 		.word	1033773513
 430 0670 2AAB9E3D 		.word	1033808682
 431 0674 02359F3D 		.word	1033843970
 432 0678 52BF9F3D 		.word	1033879378
 433 067c 1A4AA03D 		.word	1033914906
 434 0680 5AD5A03D 		.word	1033950554
 435 0684 1361A13D 		.word	1033986323
 436 0688 46EDA13D 		.word	1034022214
 437 068c F379A23D 		.word	1034058227
 438 0690 1A07A33D 		.word	1034094362
 439 0694 BB94A33D 		.word	1034130619
 440 0698 D822A43D 		.word	1034167000
 441 069c 6FB1A43D 		.word	1034203503
 442 06a0 8340A53D 		.word	1034240131
 443 06a4 13D0A53D 		.word	1034276883
 444 06a8 2060A63D 		.word	1034313760
 445 06ac AAF0A63D 		.word	1034350762
 446 06b0 B281A73D 		.word	1034387890
 447 06b4 3713A83D 		.word	1034425143
 448 06b8 3BA5A83D 		.word	1034462523
 449 06bc BE37A93D 		.word	1034500030
ARM GAS  /tmp/ccZhKMNj.s 			page 10


 450 06c0 C0CAA93D 		.word	1034537664
 451 06c4 425EAA3D 		.word	1034575426
 452 06c8 44F2AA3D 		.word	1034613316
 453 06cc C786AB3D 		.word	1034651335
 454 06d0 CA1BAC3D 		.word	1034689482
 455 06d4 4FB1AC3D 		.word	1034727759
 456 06d8 5647AD3D 		.word	1034766166
 457 06dc DFDDAD3D 		.word	1034804703
 458 06e0 EB74AE3D 		.word	1034843371
 459 06e4 7B0CAF3D 		.word	1034882171
 460 06e8 8DA4AF3D 		.word	1034921101
 461 06ec 243DB03D 		.word	1034960164
 462 06f0 40D6B03D 		.word	1034999360
 463 06f4 E16FB13D 		.word	1035038689
 464 06f8 070AB23D 		.word	1035078151
 465 06fc B3A4B23D 		.word	1035117747
 466 0700 E53FB33D 		.word	1035157477
 467 0704 9EDBB33D 		.word	1035197342
 468 0708 DF77B43D 		.word	1035237343
 469 070c A714B53D 		.word	1035277479
 470 0710 F7B1B53D 		.word	1035317751
 471 0714 D04FB63D 		.word	1035358160
 472 0718 33EEB63D 		.word	1035398707
 473 071c 1E8DB73D 		.word	1035439390
 474 0720 942CB83D 		.word	1035480212
 475 0724 95CCB83D 		.word	1035521173
 476 0728 206DB93D 		.word	1035562272
 477 072c 370EBA3D 		.word	1035603511
 478 0730 DAAFBA3D 		.word	1035644890
 479 0734 0952BB3D 		.word	1035686409
 480 0738 C5F4BB3D 		.word	1035728069
 481 073c 0F98BC3D 		.word	1035769871
 482 0740 E63BBD3D 		.word	1035811814
 483 0744 4CE0BD3D 		.word	1035853900
 484 0748 4085BE3D 		.word	1035896128
 485 074c C42ABF3D 		.word	1035938500
 486 0750 D8D0BF3D 		.word	1035981016
 487 0754 7C77C03D 		.word	1036023676
 488 0758 B11EC13D 		.word	1036066481
 489 075c 76C6C13D 		.word	1036109430
 490 0760 CE6EC23D 		.word	1036152526
 491 0764 B817C33D 		.word	1036195768
 492 0768 35C1C33D 		.word	1036239157
 493 076c 456BC43D 		.word	1036282693
 494 0770 E815C53D 		.word	1036326376
 495 0774 20C1C53D 		.word	1036370208
 496 0778 ED6CC63D 		.word	1036414189
 497 077c 4F19C73D 		.word	1036458319
 498 0780 47C6C73D 		.word	1036502599
 499 0784 D573C83D 		.word	1036547029
 500 0788 F921C93D 		.word	1036591609
 501 078c B5D0C93D 		.word	1036636341
 502 0790 0980CA3D 		.word	1036681225
 503 0794 F52FCB3D 		.word	1036726261
 504 0798 7AE0CB3D 		.word	1036771450
 505 079c 9891CC3D 		.word	1036816792
 506 07a0 5143CD3D 		.word	1036862289
ARM GAS  /tmp/ccZhKMNj.s 			page 11


 507 07a4 A3F5CD3D 		.word	1036907939
 508 07a8 91A8CE3D 		.word	1036953745
 509 07ac 1A5CCF3D 		.word	1036999706
 510 07b0 3E10D03D 		.word	1037045822
 511 07b4 00C5D03D 		.word	1037092096
 512 07b8 5E7AD13D 		.word	1037138526
 513 07bc 5A30D23D 		.word	1037185114
 514 07c0 F4E6D23D 		.word	1037231860
 515 07c4 2D9ED33D 		.word	1037278765
 516 07c8 0556D43D 		.word	1037325829
 517 07cc 7D0ED53D 		.word	1037373053
 518 07d0 95C7D53D 		.word	1037420437
 519 07d4 4D81D63D 		.word	1037467981
 520 07d8 A73BD73D 		.word	1037515687
 521 07dc A3F6D73D 		.word	1037563555
 522 07e0 42B2D83D 		.word	1037611586
 523 07e4 836ED93D 		.word	1037659779
 524 07e8 682BDA3D 		.word	1037708136
 525 07ec F1E8DA3D 		.word	1037756657
 526 07f0 1EA7DB3D 		.word	1037805342
 527 07f4 F165DC3D 		.word	1037854193
 528 07f8 6A25DD3D 		.word	1037903210
 529 07fc 89E5DD3D 		.word	1037952393
 530 0800 4FA6DE3D 		.word	1038001743
 531 0804 BC67DF3D 		.word	1038051260
 532 0808 D229E03D 		.word	1038100946
 533 080c 90ECE03D 		.word	1038150800
 534 0810 F7AFE13D 		.word	1038200823
 535 0814 0874E23D 		.word	1038251016
 536 0818 C338E33D 		.word	1038301379
 537 081c 29FEE33D 		.word	1038351913
 538 0820 3BC4E43D 		.word	1038402619
 539 0824 F98AE53D 		.word	1038453497
 540 0828 6352E63D 		.word	1038504547
 541 082c 7B1AE73D 		.word	1038555771
 542 0830 40E3E73D 		.word	1038607168
 543 0834 B4ACE83D 		.word	1038658740
 544 0838 D776E93D 		.word	1038710487
 545 083c AA41EA3D 		.word	1038762410
 546 0840 2D0DEB3D 		.word	1038814509
 547 0844 60D9EB3D 		.word	1038866784
 548 0848 45A6EC3D 		.word	1038919237
 549 084c DC73ED3D 		.word	1038971868
 550 0850 2642EE3D 		.word	1039024678
 551 0854 2211EF3D 		.word	1039077666
 552 0858 D3E0EF3D 		.word	1039130835
 553 085c 38B1F03D 		.word	1039184184
 554 0860 5282F13D 		.word	1039237714
 555 0864 2254F23D 		.word	1039291426
 556 0868 A826F33D 		.word	1039345320
 557 086c E5F9F33D 		.word	1039399397
 558 0870 D9CDF43D 		.word	1039453657
 559 0874 86A2F53D 		.word	1039508102
 560 0878 EB77F63D 		.word	1039562731
 561 087c 0A4EF73D 		.word	1039617546
 562 0880 E224F83D 		.word	1039672546
 563 0884 76FCF83D 		.word	1039727734
ARM GAS  /tmp/ccZhKMNj.s 			page 12


 564 0888 C4D4F93D 		.word	1039783108
 565 088c CFADFA3D 		.word	1039838671
 566 0890 9687FB3D 		.word	1039894422
 567 0894 1A62FC3D 		.word	1039950362
 568 0898 5C3DFD3D 		.word	1040006492
 569 089c 5D19FE3D 		.word	1040062813
 570 08a0 1DF6FE3D 		.word	1040119325
 571 08a4 9CD3FF3D 		.word	1040176028
 572 08a8 EE58003E 		.word	1040210158
 573 08ac 6FC8003E 		.word	1040238703
 574 08b0 5038013E 		.word	1040267344
 575 08b4 93A8013E 		.word	1040296083
 576 08b8 3719023E 		.word	1040324919
 577 08bc 3D8A023E 		.word	1040353853
 578 08c0 A5FB023E 		.word	1040382885
 579 08c4 6F6D033E 		.word	1040412015
 580 08c8 9DDF033E 		.word	1040441245
 581 08cc 2E52043E 		.word	1040470574
 582 08d0 22C5043E 		.word	1040500002
 583 08d4 7A38053E 		.word	1040529530
 584 08d8 36AC053E 		.word	1040559158
 585 08dc 5720063E 		.word	1040588887
 586 08e0 DD94063E 		.word	1040618717
 587 08e4 C809073E 		.word	1040648648
 588 08e8 197F073E 		.word	1040678681
 589 08ec CFF4073E 		.word	1040708815
 590 08f0 EC6A083E 		.word	1040739052
 591 08f4 6FE1083E 		.word	1040769391
 592 08f8 5958093E 		.word	1040799833
 593 08fc ABCF093E 		.word	1040830379
 594 0900 64470A3E 		.word	1040861028
 595 0904 86BF0A3E 		.word	1040891782
 596 0908 0F380B3E 		.word	1040922639
 597 090c 02B10B3E 		.word	1040953602
 598 0910 5D2A0C3E 		.word	1040984669
 599 0914 22A40C3E 		.word	1041015842
 600 0918 511E0D3E 		.word	1041047121
 601 091c E9980D3E 		.word	1041078505
 602 0920 ED130E3E 		.word	1041109997
 603 0924 5B8F0E3E 		.word	1041141595
 604 0928 340B0F3E 		.word	1041173300
 605 092c 79870F3E 		.word	1041205113
 606 0930 2A04103E 		.word	1041237034
 607 0934 4781103E 		.word	1041269063
 608 0938 D1FE103E 		.word	1041301201
 609 093c C87C113E 		.word	1041333448
 610 0940 2DFB113E 		.word	1041365805
 611 0944 FF79123E 		.word	1041398271
 612 0948 40F9123E 		.word	1041430848
 613 094c EF78133E 		.word	1041463535
 614 0950 0DF9133E 		.word	1041496333
 615 0954 9A79143E 		.word	1041529242
 616 0958 97FA143E 		.word	1041562263
 617 095c 047C153E 		.word	1041595396
 618 0960 E1FD153E 		.word	1041628641
 619 0964 2F80163E 		.word	1041661999
 620 0968 EF02173E 		.word	1041695471
ARM GAS  /tmp/ccZhKMNj.s 			page 13


 621 096c 2086173E 		.word	1041729056
 622 0970 C309183E 		.word	1041762755
 623 0974 D88D183E 		.word	1041796568
 624 0978 6012193E 		.word	1041830496
 625 097c 5B97193E 		.word	1041864539
 626 0980 CA1C1A3E 		.word	1041898698
 627 0984 ADA21A3E 		.word	1041932973
 628 0988 04291B3E 		.word	1041967364
 629 098c CFAF1B3E 		.word	1042001871
 630 0990 10371C3E 		.word	1042036496
 631 0994 C7BE1C3E 		.word	1042071239
 632 0998 F3461D3E 		.word	1042106099
 633 099c 95CF1D3E 		.word	1042141077
 634 09a0 AE581E3E 		.word	1042176174
 635 09a4 3FE21E3E 		.word	1042211391
 636 09a8 476C1F3E 		.word	1042246727
 637 09ac C6F61F3E 		.word	1042282182
 638 09b0 BE81203E 		.word	1042317758
 639 09b4 2F0D213E 		.word	1042353455
 640 09b8 1999213E 		.word	1042389273
 641 09bc 7D25223E 		.word	1042425213
 642 09c0 5AB2223E 		.word	1042461274
 643 09c4 B23F233E 		.word	1042497458
 644 09c8 84CD233E 		.word	1042533764
 645 09cc D25B243E 		.word	1042570194
 646 09d0 9CEA243E 		.word	1042606748
 647 09d4 E179253E 		.word	1042643425
 648 09d8 A309263E 		.word	1042680227
 649 09dc E299263E 		.word	1042717154
 650 09e0 9E2A273E 		.word	1042754206
 651 09e4 D8BB273E 		.word	1042791384
 652 09e8 904D283E 		.word	1042828688
 653 09ec C7DF283E 		.word	1042866119
 654 09f0 7C72293E 		.word	1042903676
 655 09f4 B2052A3E 		.word	1042941362
 656 09f8 67992A3E 		.word	1042979175
 657 09fc 9C2D2B3E 		.word	1043017116
 658 0a00 52C22B3E 		.word	1043055186
 659 0a04 89572C3E 		.word	1043093385
 660 0a08 42ED2C3E 		.word	1043131714
 661 0a0c 7D832D3E 		.word	1043170173
 662 0a10 3B1A2E3E 		.word	1043208763
 663 0a14 7BB12E3E 		.word	1043247483
 664 0a18 3F492F3E 		.word	1043286335
 665 0a1c 87E12F3E 		.word	1043325319
 666 0a20 537A303E 		.word	1043364435
 667 0a24 A413313E 		.word	1043403684
 668 0a28 79AD313E 		.word	1043443065
 669 0a2c D547323E 		.word	1043482581
 670 0a30 B7E2323E 		.word	1043522231
 671 0a34 1F7E333E 		.word	1043562015
 672 0a38 0E1A343E 		.word	1043601934
 673 0a3c 85B6343E 		.word	1043641989
 674 0a40 8453353E 		.word	1043682180
 675 0a44 0BF1353E 		.word	1043722507
 676 0a48 1A8F363E 		.word	1043762970
 677 0a4c B42D373E 		.word	1043803572
ARM GAS  /tmp/ccZhKMNj.s 			page 14


 678 0a50 D7CC373E 		.word	1043844311
 679 0a54 846C383E 		.word	1043885188
 680 0a58 BC0C393E 		.word	1043926204
 681 0a5c 7FAD393E 		.word	1043967359
 682 0a60 CE4E3A3E 		.word	1044008654
 683 0a64 A9F03A3E 		.word	1044050089
 684 0a68 10933B3E 		.word	1044091664
 685 0a6c 05363C3E 		.word	1044133381
 686 0a70 87D93C3E 		.word	1044175239
 687 0a74 977D3D3E 		.word	1044217239
 688 0a78 36223E3E 		.word	1044259382
 689 0a7c 64C73E3E 		.word	1044301668
 690 0a80 216D3F3E 		.word	1044344097
 691 0a84 6F13403E 		.word	1044386671
 692 0a88 4CBA403E 		.word	1044429388
 693 0a8c BB61413E 		.word	1044472251
 694 0a90 BB09423E 		.word	1044515259
 695 0a94 4DB2423E 		.word	1044558413
 696 0a98 725B433E 		.word	1044601714
 697 0a9c 2905443E 		.word	1044645161
 698 0aa0 74AF443E 		.word	1044688756
 699 0aa4 535A453E 		.word	1044732499
 700 0aa8 C705463E 		.word	1044776391
 701 0aac CFB1463E 		.word	1044820431
 702 0ab0 6D5E473E 		.word	1044864621
 703 0ab4 A10B483E 		.word	1044908961
 704 0ab8 6BB9483E 		.word	1044953451
 705 0abc CC67493E 		.word	1044998092
 706 0ac0 C5164A3E 		.word	1045042885
 707 0ac4 55C64A3E 		.word	1045087829
 708 0ac8 7E764B3E 		.word	1045132926
 709 0acc 41274C3E 		.word	1045178177
 710 0ad0 9CD84C3E 		.word	1045223580
 711 0ad4 928A4D3E 		.word	1045269138
 712 0ad8 233D4E3E 		.word	1045314851
 713 0adc 4EF04E3E 		.word	1045360718
 714 0ae0 16A44F3E 		.word	1045406742
 715 0ae4 7958503E 		.word	1045452921
 716 0ae8 790D513E 		.word	1045499257
 717 0aec 17C3513E 		.word	1045545751
 718 0af0 5279523E 		.word	1045592402
 719 0af4 2B30533E 		.word	1045639211
 720 0af8 A4E7533E 		.word	1045686180
 721 0afc BB9F543E 		.word	1045733307
 722 0b00 7358553E 		.word	1045780595
 723 0b04 CB11563E 		.word	1045828043
 724 0b08 C4CB563E 		.word	1045875652
 725 0b0c 5F86573E 		.word	1045923423
 726 0b10 9C41583E 		.word	1045971356
 727 0b14 7BFD583E 		.word	1046019451
 728 0b18 FEB9593E 		.word	1046067710
 729 0b1c 24775A3E 		.word	1046116132
 730 0b20 EF345B3E 		.word	1046164719
 731 0b24 5FF35B3E 		.word	1046213471
 732 0b28 74B25C3E 		.word	1046262388
 733 0b2c 2F725D3E 		.word	1046311471
 734 0b30 91325E3E 		.word	1046360721
ARM GAS  /tmp/ccZhKMNj.s 			page 15


 735 0b34 9AF35E3E 		.word	1046410138
 736 0b38 4AB55F3E 		.word	1046459722
 737 0b3c A377603E 		.word	1046509475
 738 0b40 A53A613E 		.word	1046559397
 739 0b44 50FE613E 		.word	1046609488
 740 0b48 A5C2623E 		.word	1046659749
 741 0b4c A487633E 		.word	1046710180
 742 0b50 4F4D643E 		.word	1046760783
 743 0b54 A613653E 		.word	1046811558
 744 0b58 A8DA653E 		.word	1046862504
 745 0b5c 58A2663E 		.word	1046913624
 746 0b60 B56A673E 		.word	1046964917
 747 0b64 C033683E 		.word	1047016384
 748 0b68 7AFD683E 		.word	1047068026
 749 0b6c E3C7693E 		.word	1047119843
 750 0b70 FC926A3E 		.word	1047171836
 751 0b74 C65E6B3E 		.word	1047224006
 752 0b78 402B6C3E 		.word	1047276352
 753 0b7c 6CF86C3E 		.word	1047328876
 754 0b80 4AC66D3E 		.word	1047381578
 755 0b84 DC946E3E 		.word	1047434460
 756 0b88 20646F3E 		.word	1047487520
 757 0b8c 1934703E 		.word	1047540761
 758 0b90 C604713E 		.word	1047594182
 759 0b94 29D6713E 		.word	1047647785
 760 0b98 41A8723E 		.word	1047701569
 761 0b9c 117B733E 		.word	1047755537
 762 0ba0 974E743E 		.word	1047809687
 763 0ba4 D522753E 		.word	1047864021
 764 0ba8 CBF7753E 		.word	1047918539
 765 0bac 7ACD763E 		.word	1047973242
 766 0bb0 E3A3773E 		.word	1048028131
 767 0bb4 077B783E 		.word	1048083207
 768 0bb8 E552793E 		.word	1048138469
 769 0bbc 7F2B7A3E 		.word	1048193919
 770 0bc0 D5047B3E 		.word	1048249557
 771 0bc4 E7DE7B3E 		.word	1048305383
 772 0bc8 B7B97C3E 		.word	1048361399
 773 0bcc 46957D3E 		.word	1048417606
 774 0bd0 93717E3E 		.word	1048474003
 775 0bd4 9F4E7F3E 		.word	1048530591
 776 0bd8 3616803E 		.word	1048581686
 777 0bdc 7C85803E 		.word	1048610172
 778 0be0 24F5803E 		.word	1048638756
 779 0be4 2C65813E 		.word	1048667436
 780 0be8 95D5813E 		.word	1048696213
 781 0bec 6046823E 		.word	1048725088
 782 0bf0 8EB7823E 		.word	1048754062
 783 0bf4 1D29833E 		.word	1048783133
 784 0bf8 0F9B833E 		.word	1048812303
 785 0bfc 650D843E 		.word	1048841573
 786 0c00 1D80843E 		.word	1048870941
 787 0c04 39F3843E 		.word	1048900409
 788 0c08 B966853E 		.word	1048929977
 789 0c0c 9EDA853E 		.word	1048959646
 790 0c10 E74E863E 		.word	1048989415
 791 0c14 95C3863E 		.word	1049019285
ARM GAS  /tmp/ccZhKMNj.s 			page 16


 792 0c18 A938873E 		.word	1049049257
 793 0c1c 22AE873E 		.word	1049079330
 794 0c20 0124883E 		.word	1049109505
 795 0c24 479A883E 		.word	1049139783
 796 0c28 F410893E 		.word	1049170164
 797 0c2c 0788893E 		.word	1049200647
 798 0c30 82FF893E 		.word	1049231234
 799 0c34 65778A3E 		.word	1049261925
 800 0c38 B0EF8A3E 		.word	1049292720
 801 0c3c 64688B3E 		.word	1049323620
 802 0c40 80E18B3E 		.word	1049354624
 803 0c44 055B8C3E 		.word	1049385733
 804 0c48 F5D48C3E 		.word	1049416949
 805 0c4c 4E4F8D3E 		.word	1049448270
 806 0c50 11CA8D3E 		.word	1049479697
 807 0c54 3F458E3E 		.word	1049511231
 808 0c58 D8C08E3E 		.word	1049542872
 809 0c5c DC3C8F3E 		.word	1049574620
 810 0c60 4DB98F3E 		.word	1049606477
 811 0c64 2936903E 		.word	1049638441
 812 0c68 72B3903E 		.word	1049670514
 813 0c6c 2731913E 		.word	1049702695
 814 0c70 4AAF913E 		.word	1049734986
 815 0c74 DA2D923E 		.word	1049767386
 816 0c78 D9AC923E 		.word	1049799897
 817 0c7c 452C933E 		.word	1049832517
 818 0c80 20AC933E 		.word	1049865248
 819 0c84 6B2C943E 		.word	1049898091
 820 0c88 25AD943E 		.word	1049931045
 821 0c8c 4E2E953E 		.word	1049964110
 822 0c90 E8AF953E 		.word	1049997288
 823 0c94 F331963E 		.word	1050030579
 824 0c98 6EB4963E 		.word	1050063982
 825 0c9c 5B37973E 		.word	1050097499
 826 0ca0 BABA973E 		.word	1050131130
 827 0ca4 8A3E983E 		.word	1050164874
 828 0ca8 CDC2983E 		.word	1050198733
 829 0cac 8447993E 		.word	1050232708
 830 0cb0 ADCC993E 		.word	1050266797
 831 0cb4 4A529A3E 		.word	1050301002
 832 0cb8 5BD89A3E 		.word	1050335323
 833 0cbc E15E9B3E 		.word	1050369761
 834 0cc0 DBE59B3E 		.word	1050404315
 835 0cc4 4B6D9C3E 		.word	1050438987
 836 0cc8 30F59C3E 		.word	1050473776
 837 0ccc 8C7D9D3E 		.word	1050508684
 838 0cd0 5E069E3E 		.word	1050543710
 839 0cd4 A78F9E3E 		.word	1050578855
 840 0cd8 67199F3E 		.word	1050614119
 841 0cdc 9EA39F3E 		.word	1050649502
 842 0ce0 4E2EA03E 		.word	1050685006
 843 0ce4 77B9A03E 		.word	1050720631
 844 0ce8 1845A13E 		.word	1050756376
 845 0cec 32D1A13E 		.word	1050792242
 846 0cf0 C75DA23E 		.word	1050828231
 847 0cf4 D5EAA23E 		.word	1050864341
 848 0cf8 5E78A33E 		.word	1050900574
ARM GAS  /tmp/ccZhKMNj.s 			page 17


 849 0cfc 6206A43E 		.word	1050936930
 850 0d00 E194A43E 		.word	1050973409
 851 0d04 DC23A53E 		.word	1051010012
 852 0d08 53B3A53E 		.word	1051046739
 853 0d0c 4743A63E 		.word	1051083591
 854 0d10 B8D3A63E 		.word	1051120568
 855 0d14 A664A73E 		.word	1051157670
 856 0d18 12F6A73E 		.word	1051194898
 857 0d1c FD87A83E 		.word	1051232253
 858 0d20 671AA93E 		.word	1051269735
 859 0d24 4FADA93E 		.word	1051307343
 860 0d28 B740AA3E 		.word	1051345079
 861 0d2c A0D4AA3E 		.word	1051382944
 862 0d30 0869AB3E 		.word	1051420936
 863 0d34 F2FDAB3E 		.word	1051459058
 864 0d38 5D93AC3E 		.word	1051497309
 865 0d3c 4A29AD3E 		.word	1051535690
 866 0d40 B9BFAD3E 		.word	1051574201
 867 0d44 AB56AE3E 		.word	1051612843
 868 0d48 20EEAE3E 		.word	1051651616
 869 0d4c 1986AF3E 		.word	1051690521
 870 0d50 951EB03E 		.word	1051729557
 871 0d54 96B7B03E 		.word	1051768726
 872 0d58 1C51B13E 		.word	1051808028
 873 0d5c 28EBB13E 		.word	1051847464
 874 0d60 B985B23E 		.word	1051887033
 875 0d64 D020B33E 		.word	1051926736
 876 0d68 6EBCB33E 		.word	1051966574
 877 0d6c 9458B43E 		.word	1052006548
 878 0d70 41F5B43E 		.word	1052046657
 879 0d74 7692B53E 		.word	1052086902
 880 0d78 3430B63E 		.word	1052127284
 881 0d7c 7ACEB63E 		.word	1052167802
 882 0d80 4B6DB73E 		.word	1052208459
 883 0d84 A50CB83E 		.word	1052249253
 884 0d88 8AACB83E 		.word	1052290186
 885 0d8c F94CB93E 		.word	1052331257
 886 0d90 F4EDB93E 		.word	1052372468
 887 0d94 7B8FBA3E 		.word	1052413819
 888 0d98 8E31BB3E 		.word	1052455310
 889 0d9c 2ED4BB3E 		.word	1052496942
 890 0da0 5B77BC3E 		.word	1052538715
 891 0da4 161BBD3E 		.word	1052580630
 892 0da8 5FBFBD3E 		.word	1052622687
 893 0dac 3764BE3E 		.word	1052664887
 894 0db0 9E09BF3E 		.word	1052707230
 895 0db4 95AFBF3E 		.word	1052749717
 896 0db8 1C56C03E 		.word	1052792348
 897 0dbc 34FDC03E 		.word	1052835124
 898 0dc0 DDA4C13E 		.word	1052878045
 899 0dc4 174DC23E 		.word	1052921111
 900 0dc8 E4F5C23E 		.word	1052964324
 901 0dcc 439FC33E 		.word	1053007683
 902 0dd0 3649C43E 		.word	1053051190
 903 0dd4 BCF3C43E 		.word	1053094844
 904 0dd8 D69EC53E 		.word	1053138646
 905 0ddc 854AC63E 		.word	1053182597
ARM GAS  /tmp/ccZhKMNj.s 			page 18


 906 0de0 C9F6C63E 		.word	1053226697
 907 0de4 A3A3C73E 		.word	1053270947
 908 0de8 1251C83E 		.word	1053315346
 909 0dec 19FFC83E 		.word	1053359897
 910 0df0 B7ADC93E 		.word	1053404599
 911 0df4 EC5CCA3E 		.word	1053449452
 912 0df8 BA0CCB3E 		.word	1053494458
 913 0dfc 20BDCB3E 		.word	1053539616
 914 0e00 206ECC3E 		.word	1053584928
 915 0e04 B91FCD3E 		.word	1053630393
 916 0e08 EDD1CD3E 		.word	1053676013
 917 0e0c BB84CE3E 		.word	1053721787
 918 0e10 2538CF3E 		.word	1053767717
 919 0e14 2BECCF3E 		.word	1053813803
 920 0e18 CDA0D03E 		.word	1053860045
 921 0e1c 0C56D13E 		.word	1053906444
 922 0e20 E80BD23E 		.word	1053953000
 923 0e24 63C2D23E 		.word	1053999715
 924 0e28 7B79D33E 		.word	1054046587
 925 0e2c 3431D43E 		.word	1054093620
 926 0e30 8BE9D43E 		.word	1054140811
 927 0e34 83A2D53E 		.word	1054188163
 928 0e38 1B5CD63E 		.word	1054235675
 929 0e3c 5516D73E 		.word	1054283349
 930 0e40 31D1D73E 		.word	1054331185
 931 0e44 AE8CD83E 		.word	1054379182
 932 0e48 CF48D93E 		.word	1054427343
 933 0e4c 9305DA3E 		.word	1054475667
 934 0e50 FBC2DA3E 		.word	1054524155
 935 0e54 0881DB3E 		.word	1054572808
 936 0e58 BA3FDC3E 		.word	1054621626
 937 0e5c 11FFDC3E 		.word	1054670609
 938 0e60 0FBFDD3E 		.word	1054719759
 939 0e64 B47FDE3E 		.word	1054769076
 940 0e68 FF40DF3E 		.word	1054818559
 941 0e6c F302E03E 		.word	1054868211
 942 0e70 8FC5E03E 		.word	1054918031
 943 0e74 D588E13E 		.word	1054968021
 944 0e78 C44CE23E 		.word	1055018180
 945 0e7c 5D11E33E 		.word	1055068509
 946 0e80 A1D6E33E 		.word	1055119009
 947 0e84 909CE43E 		.word	1055169680
 948 0e88 2C63E53E 		.word	1055220524
 949 0e8c 732AE63E 		.word	1055271539
 950 0e90 68F2E63E 		.word	1055322728
 951 0e94 0BBBE73E 		.word	1055374091
 952 0e98 5C84E83E 		.word	1055425628
 953 0e9c 5C4EE93E 		.word	1055477340
 954 0ea0 0B19EA3E 		.word	1055529227
 955 0ea4 6BE4EA3E 		.word	1055581291
 956 0ea8 7BB0EB3E 		.word	1055633531
 957 0eac 3C7DEC3E 		.word	1055685948
 958 0eb0 B04AED3E 		.word	1055738544
 959 0eb4 D518EE3E 		.word	1055791317
 960 0eb8 AEE7EE3E 		.word	1055844270
 961 0ebc 3BB7EF3E 		.word	1055897403
 962 0ec0 7C87F03E 		.word	1055950716
ARM GAS  /tmp/ccZhKMNj.s 			page 19


 963 0ec4 7258F13E 		.word	1056004210
 964 0ec8 1D2AF23E 		.word	1056057885
 965 0ecc 7EFCF23E 		.word	1056111742
 966 0ed0 97CFF33E 		.word	1056165783
 967 0ed4 66A3F43E 		.word	1056220006
 968 0ed8 EE77F53E 		.word	1056274414
 969 0edc 2E4DF63E 		.word	1056329006
 970 0ee0 2823F73E 		.word	1056383784
 971 0ee4 DBF9F73E 		.word	1056438747
 972 0ee8 49D1F83E 		.word	1056493897
 973 0eec 72A9F93E 		.word	1056549234
 974 0ef0 5782FA3E 		.word	1056604759
 975 0ef4 F95BFB3E 		.word	1056660473
 976 0ef8 5736FC3E 		.word	1056716375
 977 0efc 7311FD3E 		.word	1056772467
 978 0f00 4EEDFD3E 		.word	1056828750
 979 0f04 E7C9FE3E 		.word	1056885223
 980 0f08 40A7FF3E 		.word	1056941888
 981 0f0c AD42003F 		.word	1056981677
 982 0f10 1AB2003F 		.word	1057010202
 983 0f14 E821013F 		.word	1057038824
 984 0f18 1792013F 		.word	1057067543
 985 0f1c A802023F 		.word	1057096360
 986 0f20 9A73023F 		.word	1057125274
 987 0f24 EEE4023F 		.word	1057154286
 988 0f28 A556033F 		.word	1057183397
 989 0f2c BFC8033F 		.word	1057212607
 990 0f30 3C3B043F 		.word	1057241916
 991 0f34 1CAE043F 		.word	1057271324
 992 0f38 6021053F 		.word	1057300832
 993 0f3c 0995053F 		.word	1057330441
 994 0f40 1509063F 		.word	1057360149
 995 0f44 877D063F 		.word	1057389959
 996 0f48 5EF2063F 		.word	1057419870
 997 0f4c 9A67073F 		.word	1057449882
 998 0f50 3CDD073F 		.word	1057479996
 999 0f54 4453083F 		.word	1057510212
 1000 0f58 B3C9083F 		.word	1057540531
 1001 0f5c 8940093F 		.word	1057570953
 1002 0f60 C6B7093F 		.word	1057601478
 1003 0f64 6A2F0A3F 		.word	1057632106
 1004 0f68 77A70A3F 		.word	1057662839
 1005 0f6c EB1F0B3F 		.word	1057693675
 1006 0f70 C9980B3F 		.word	1057724617
 1007 0f74 0F120C3F 		.word	1057755663
 1008 0f78 BF8B0C3F 		.word	1057786815
 1009 0f7c D8050D3F 		.word	1057818072
 1010 0f80 5C800D3F 		.word	1057849436
 1011 0f84 4AFB0D3F 		.word	1057880906
 1012 0f88 A3760E3F 		.word	1057912483
 1013 0f8c 67F20E3F 		.word	1057944167
 1014 0f90 966E0F3F 		.word	1057975958
 1015 0f94 31EB0F3F 		.word	1058007857
 1016 0f98 3968103F 		.word	1058039865
 1017 0f9c ADE5103F 		.word	1058071981
 1018 0fa0 8E63113F 		.word	1058104206
 1019 0fa4 DDE1113F 		.word	1058136541
ARM GAS  /tmp/ccZhKMNj.s 			page 20


 1020 0fa8 9960123F 		.word	1058168985
 1021 0fac C3DF123F 		.word	1058201539
 1022 0fb0 5C5F133F 		.word	1058234204
 1023 0fb4 64DF133F 		.word	1058266980
 1024 0fb8 DB5F143F 		.word	1058299867
 1025 0fbc C2E0143F 		.word	1058332866
 1026 0fc0 1862153F 		.word	1058365976
 1027 0fc4 DFE3153F 		.word	1058399199
 1028 0fc8 1766163F 		.word	1058432535
 1029 0fcc BFE8163F 		.word	1058465983
 1030 0fd0 DA6B173F 		.word	1058499546
 1031 0fd4 66EF173F 		.word	1058533222
 1032 0fd8 6473183F 		.word	1058567012
 1033 0fdc D5F7183F 		.word	1058600917
 1034 0fe0 B97C193F 		.word	1058634937
 1035 0fe4 11021A3F 		.word	1058669073
 1036 0fe8 DD871A3F 		.word	1058703325
 1037 0fec 1C0E1B3F 		.word	1058737692
 1038 0ff0 D1941B3F 		.word	1058772177
 1039 0ff4 FA1B1C3F 		.word	1058806778
 1040 0ff8 99A31C3F 		.word	1058841497
 1041 0ffc AD2B1D3F 		.word	1058876333
 1042 1000 38B41D3F 		.word	1058911288
 1043 1004 3A3D1E3F 		.word	1058946362
 1044 1008 B2C61E3F 		.word	1058981554
 1045 100c A2501F3F 		.word	1059016866
 1046 1010 0ADB1F3F 		.word	1059052298
 1047 1014 EA65203F 		.word	1059087850
 1048 1018 42F1203F 		.word	1059123522
 1049 101c 147D213F 		.word	1059159316
 1050 1020 5F09223F 		.word	1059195231
 1051 1024 2496223F 		.word	1059231268
 1052 1028 6323233F 		.word	1059267427
 1053 102c 1DB1233F 		.word	1059303709
 1054 1030 523F243F 		.word	1059340114
 1055 1034 03CE243F 		.word	1059376643
 1056 1038 305D253F 		.word	1059413296
 1057 103c D9EC253F 		.word	1059450073
 1058 1040 FF7C263F 		.word	1059486975
 1059 1044 A20D273F 		.word	1059524002
 1060 1048 C29E273F 		.word	1059561154
 1061 104c 6130283F 		.word	1059598433
 1062 1050 7EC2283F 		.word	1059635838
 1063 1054 1B55293F 		.word	1059673371
 1064 1058 36E8293F 		.word	1059711030
 1065 105c D27B2A3F 		.word	1059748818
 1066 1060 ED0F2B3F 		.word	1059786733
 1067 1064 8AA42B3F 		.word	1059824778
 1068 1068 A7392C3F 		.word	1059862951
 1069 106c 46CF2C3F 		.word	1059901254
 1070 1070 67652D3F 		.word	1059939687
 1071 1074 0AFC2D3F 		.word	1059978250
 1072 1078 31932E3F 		.word	1060016945
 1073 107c DA2A2F3F 		.word	1060055770
 1074 1080 07C32F3F 		.word	1060094727
 1075 1084 B95B303F 		.word	1060133817
 1076 1088 EFF4303F 		.word	1060173039
ARM GAS  /tmp/ccZhKMNj.s 			page 21


 1077 108c AA8E313F 		.word	1060212394
 1078 1090 EB28323F 		.word	1060251883
 1079 1094 B2C3323F 		.word	1060291506
 1080 1098 FF5E333F 		.word	1060331263
 1081 109c D4FA333F 		.word	1060371156
 1082 10a0 2F97343F 		.word	1060411183
 1083 10a4 1334353F 		.word	1060451347
 1084 10a8 7ED1353F 		.word	1060491646
 1085 10ac 736F363F 		.word	1060532083
 1086 10b0 F00D373F 		.word	1060572656
 1087 10b4 F8AC373F 		.word	1060613368
 1088 10b8 894C383F 		.word	1060654217
 1089 10bc A6EC383F 		.word	1060695206
 1090 10c0 4D8D393F 		.word	1060736333
 1091 10c4 802E3A3F 		.word	1060777600
 1092 10c8 3ED03A3F 		.word	1060819006
 1093 10cc 8A723B3F 		.word	1060860554
 1094 10d0 62153C3F 		.word	1060902242
 1095 10d4 C8B83C3F 		.word	1060944072
 1096 10d8 BC5C3D3F 		.word	1060986044
 1097 10dc 3E013E3F 		.word	1061028158
 1098 10e0 4FA63E3F 		.word	1061070415
 1099 10e4 F04B3F3F 		.word	1061112816
 1100 10e8 20F23F3F 		.word	1061155360
 1101 10ec E198403F 		.word	1061198049
 1102 10f0 3340413F 		.word	1061240883
 1103 10f4 16E8413F 		.word	1061283862
 1104 10f8 8B90423F 		.word	1061326987
 1105 10fc 9239433F 		.word	1061370258
 1106 1100 2CE3433F 		.word	1061413676
 1107 1104 5A8D443F 		.word	1061457242
 1108 1108 1B38453F 		.word	1061500955
 1109 110c 71E3453F 		.word	1061544817
 1110 1110 5B8F463F 		.word	1061588827
 1111 1114 DB3B473F 		.word	1061632987
 1112 1118 F1E8473F 		.word	1061677297
 1113 111c 9D96483F 		.word	1061721757
 1114 1120 E044493F 		.word	1061766368
 1115 1124 BAF3493F 		.word	1061811130
 1116 1128 2CA34A3F 		.word	1061856044
 1117 112c 37534B3F 		.word	1061901111
 1118 1130 DA034C3F 		.word	1061946330
 1119 1134 17B54C3F 		.word	1061991703
 1120 1138 EE664D3F 		.word	1062037230
 1121 113c 60194E3F 		.word	1062082912
 1122 1140 6CCC4E3F 		.word	1062128748
 1123 1144 14804F3F 		.word	1062174740
 1124 1148 5934503F 		.word	1062220889
 1125 114c 39E9503F 		.word	1062267193
 1126 1150 B79E513F 		.word	1062313655
 1127 1154 D354523F 		.word	1062360275
 1128 1158 8D0B533F 		.word	1062407053
 1129 115c E5C2533F 		.word	1062453989
 1130 1160 DD7A543F 		.word	1062501085
 1131 1164 7533553F 		.word	1062548341
 1132 1168 ADEC553F 		.word	1062595757
 1133 116c 86A6563F 		.word	1062643334
ARM GAS  /tmp/ccZhKMNj.s 			page 22


 1134 1170 0061573F 		.word	1062691072
 1135 1174 1C1C583F 		.word	1062738972
 1136 1178 DBD7583F 		.word	1062787035
 1137 117c 3D94593F 		.word	1062835261
 1138 1180 43515A3F 		.word	1062883651
 1139 1184 ED0E5B3F 		.word	1062932205
 1140 1188 3BCD5B3F 		.word	1062980923
 1141 118c 2F8C5C3F 		.word	1063029807
 1142 1190 C94B5D3F 		.word	1063078857
 1143 1194 0A0C5E3F 		.word	1063128074
 1144 1198 F1CC5E3F 		.word	1063177457
 1145 119c 808E5F3F 		.word	1063227008
 1146 11a0 B750603F 		.word	1063276727
 1147 11a4 9713613F 		.word	1063326615
 1148 11a8 20D7613F 		.word	1063376672
 1149 11ac 539B623F 		.word	1063426899
 1150 11b0 3060633F 		.word	1063477296
 1151 11b4 B925643F 		.word	1063527865
 1152 11b8 EDEB643F 		.word	1063578605
 1153 11bc CDB2653F 		.word	1063629517
 1154 11c0 5A7A663F 		.word	1063680602
 1155 11c4 9542673F 		.word	1063731861
 1156 11c8 7D0B683F 		.word	1063783293
 1157 11cc 14D5683F 		.word	1063834900
 1158 11d0 5A9F693F 		.word	1063886682
 1159 11d4 506A6A3F 		.word	1063938640
 1160 11d8 F6356B3F 		.word	1063990774
 1161 11dc 4D026C3F 		.word	1064043085
 1162 11e0 55CF6C3F 		.word	1064095573
 1163 11e4 109D6D3F 		.word	1064148240
 1164 11e8 7D6B6E3F 		.word	1064201085
 1165 11ec 9E3A6F3F 		.word	1064254110
 1166 11f0 720A703F 		.word	1064307314
 1167 11f4 FCDA703F 		.word	1064360700
 1168 11f8 3AAC713F 		.word	1064414266
 1169 11fc 2E7E723F 		.word	1064468014
 1170 1200 D850733F 		.word	1064521944
 1171 1204 3A24743F 		.word	1064576058
 1172 1208 53F8743F 		.word	1064630355
 1173 120c 25CD753F 		.word	1064684837
 1174 1210 AFA2763F 		.word	1064739503
 1175 1214 F378773F 		.word	1064794355
 1176 1218 F14F783F 		.word	1064849393
 1177 121c AA27793F 		.word	1064904618
 1178 1220 1E007A3F 		.word	1064960030
 1179 1224 4ED97A3F 		.word	1065015630
 1180 1228 3BB37B3F 		.word	1065071419
 1181 122c E58D7C3F 		.word	1065127397
 1182 1230 4D697D3F 		.word	1065183565
 1183 1234 74457E3F 		.word	1065239924
 1184 1238 5A227F3F 		.word	1065296474
 1185 123c 0000803F 		.word	1065353216
 1186              		.ident	"GCC: (Arm GNU Toolchain 13.2.rel1 (Build arm-13.7)) 13.2.1 20231009"
ARM GAS  /tmp/ccZhKMNj.s 			page 23


DEFINED SYMBOLS
                            *ABS*:00000000 resources.c
     /tmp/ccZhKMNj.s:21     .flash:00000000 mapytoascii
     /tmp/ccZhKMNj.s:18     .flash:00000000 $d
     /tmp/ccZhKMNj.s:28     .flash:00000040 logpitch
     /tmp/ccZhKMNj.s:161    .flash:00000240 logspeed

NO UNDEFINED SYMBOLS
